2020-05-23 14:35:31 [84.232.137.18][8][-][error][yii\base\ErrorException:2] exception 'yii\base\ErrorException' with message 'Missing argument 1 for yii\db\BaseActiveRecord::getAttribute(), called in /home/anunturi/tenis.anunturicl.ro/vendor/yiisoft/yii2/base/Component.php on line 139 and defined' in /home/anunturi/tenis.anunturicl.ro/vendor/yiisoft/yii2/db/BaseActiveRecord.php:511
Stack trace:
#0 /home/anunturi/tenis.anunturicl.ro/vendor/yiisoft/yii2/db/BaseActiveRecord.php(511): yii\base\ErrorHandler->handleError(2, 'Missing argumen...', '/home/anunturi/...', 511, Array)
#1 /home/anunturi/tenis.anunturicl.ro/vendor/yiisoft/yii2/base/Component.php(139): yii\db\BaseActiveRecord->getAttribute()
#2 /home/anunturi/tenis.anunturicl.ro/vendor/yiisoft/yii2/db/BaseActiveRecord.php(298): yii\base\Component->__get('attribute')
#3 /home/anunturi/tenis.anunturicl.ro/backend/models/IstoricAntrenament.php(49): yii\db\BaseActiveRecord->__get('attribute')
#4 [internal function]: backend\models\IstoricAntrenament->validateSportiv('sportiv_id', NULL, Object(yii\validators\InlineValidator))
#5 /home/anunturi/tenis.anunturicl.ro/vendor/yiisoft/yii2/validators/InlineValidator.php(72): call_user_func(Array, 'sportiv_id', NULL, Object(yii\validators\InlineValidator))
#6 /home/anunturi/tenis.anunturicl.ro/vendor/yiisoft/yii2/validators/Validator.php(257): yii\validators\InlineValidator->validateAttribute(Object(api\modules\v1\models\IstoricAntrenament), 'sportiv_id')
#7 /home/anunturi/tenis.anunturicl.ro/vendor/yiisoft/yii2/base/Model.php(367): yii\validators\Validator->validateAttributes(Object(api\modules\v1\models\IstoricAntrenament), Array)
#8 /home/anunturi/tenis.anunturicl.ro/vendor/yiisoft/yii2/db/ActiveRecord.php(560): yii\base\Model->validate(NULL)
#9 /home/anunturi/tenis.anunturicl.ro/vendor/yiisoft/yii2/db/BaseActiveRecord.php(678): yii\db\ActiveRecord->insert(true, NULL)
#10 /home/anunturi/tenis.anunturicl.ro/api/modules/v1/actions/CreateCustomAction.php(35): yii\db\BaseActiveRecord->save()
#11 [internal function]: api\modules\v1\actions\CreateCustomAction->run()
#12 /home/anunturi/tenis.anunturicl.ro/vendor/yiisoft/yii2/base/Action.php(94): call_user_func_array(Array, Array)
#13 /home/anunturi/tenis.anunturicl.ro/vendor/yiisoft/yii2/base/Controller.php(157): yii\base\Action->runWithParams(Array)
#14 /home/anunturi/tenis.anunturicl.ro/vendor/yiisoft/yii2/base/Module.php(528): yii\base\Controller->runAction('create', Array)
#15 /home/anunturi/tenis.anunturicl.ro/vendor/yiisoft/yii2/web/Application.php(103): yii\base\Module->runAction('v1/istoric-antr...', Array)
#16 /home/anunturi/tenis.anunturicl.ro/vendor/yiisoft/yii2/base/Application.php(386): yii\web\Application->handleRequest(Object(yii\web\Request))
#17 /home/anunturi/tenis.anunturicl.ro/api/web/index.php(22): yii\base\Application->run()
#18 {main}
2020-05-23 14:35:31 [84.232.137.18][8][-][warning][yii\debug\Module::checkAccess] Access to debugger is denied due to IP address restriction. The requesting IP address is 84.232.137.18
2020-05-23 14:35:30 [84.232.137.18][8][-][info][application] $_GET = []

$_POST = [
    'sportiv_id' => '10'
    'tipAntrenament_id' => '1'
    'grad_dificultate' => '3'
    'data_antrenament' => '12.02.2020 12:20:02'
]

$_FILES = []

$_COOKIE = [
    '_csrf' => 'ce896b4299f85c74e2f9738a4d758fb183b7e6d7d2b0011a911b96915d7ea271a:2:{i:0;s:5:\"_csrf\";i:1;s:32:\"G9vvJNz0ccjUk6eG4cBnCjCaWnb3dgSH\";}'
]

$_SERVER = [
    'PATH' => '/usr/local/bin:/bin:/usr/bin'
    'HTTP_ACCEPT' => '*/*'
    'HTTP_ACCEPT_ENCODING' => 'gzip, deflate, br'
    'HTTP_AUTHORIZATION' => '***'
    'HTTP_CONNECTION' => 'keep-alive'
    'CONTENT_TYPE' => 'application/x-www-form-urlencoded'
    'CONTENT_LENGTH' => '95'
    'HTTP_COOKIE' => '_csrf=ce896b4299f85c74e2f9738a4d758fb183b7e6d7d2b0011a911b96915d7ea271a%3A2%3A%7Bi%3A0%3Bs%3A5%3A%22_csrf%22%3Bi%3A1%3Bs%3A32%3A%22G9vvJNz0ccjUk6eG4cBnCjCaWnb3dgSH%22%3B%7D'
    'HTTP_HOST' => 'tenis.anunturicl.ro'
    'HTTP_USER_AGENT' => 'PostmanRuntime/7.24.1'
    'HTTP_CACHE_CONTROL' => 'no-cache'
    'HTTP_POSTMAN_TOKEN' => '1fb95600-ad10-4b27-b3db-63fdff159a08'
    'DOCUMENT_ROOT' => '/home/anunturi/tenis.anunturicl.ro'
    'REMOTE_ADDR' => '84.232.137.18'
    'REMOTE_PORT' => '63293'
    'SERVER_ADDR' => '128.140.228.218'
    'SERVER_NAME' => 'tenis.anunturicl.ro'
    'SERVER_ADMIN' => 'webmaster@tenis.anunturicl.ro'
    'SERVER_PORT' => '80'
    'REQUEST_SCHEME' => 'http'
    'REQUEST_URI' => '/api/web/v1/istoric-antrenament'
    'REDIRECT_URL' => '/api/web/v1/istoric-antrenament'
    'REDIRECT_STATUS' => '200'
    'SCRIPT_FILENAME' => '/home/anunturi/tenis.anunturicl.ro/api/web/index.php'
    'QUERY_STRING' => ''
    'SCRIPT_URI' => 'http://tenis.anunturicl.ro/api/web/v1/istoric-antrenament'
    'SCRIPT_URL' => '/api/web/v1/istoric-antrenament'
    'SCRIPT_NAME' => '/api/web/index.php'
    'SERVER_PROTOCOL' => 'HTTP/1.1'
    'SERVER_SOFTWARE' => 'LiteSpeed'
    'REQUEST_METHOD' => 'POST'
    'X-LSCACHE' => 'on'
    'PHP_SELF' => '/api/web/index.php'
    'REQUEST_TIME_FLOAT' => 1590244530.8315
    'REQUEST_TIME' => 1590244530
]
2020-05-23 14:36:14 [84.232.137.18][8][-][warning][yii\debug\Module::checkAccess] Access to debugger is denied due to IP address restriction. The requesting IP address is 84.232.137.18
2020-05-23 14:36:14 [84.232.137.18][8][-][info][application] $_GET = []

$_POST = [
    'sportiv_id' => '10'
    'tipAntrenament_id' => '1'
    'grad_dificultate' => '3'
    'data_antrenament' => '12.02.2020 12:20:02'
]

$_FILES = []

$_COOKIE = [
    '_csrf' => '0be4b58b425dffd80d22c2d8fa423311e237dc42f2d576a47ef75e930580c8b3a:2:{i:0;s:5:\"_csrf\";i:1;s:32:\"O5jujDg38MkiQpIoodA_eheLmtBYYrBi\";}'
]

$_SERVER = [
    'PATH' => '/usr/local/bin:/bin:/usr/bin'
    'HTTP_ACCEPT' => '*/*'
    'HTTP_ACCEPT_ENCODING' => 'gzip, deflate, br'
    'HTTP_AUTHORIZATION' => '***'
    'HTTP_CONNECTION' => 'keep-alive'
    'CONTENT_TYPE' => 'application/x-www-form-urlencoded'
    'CONTENT_LENGTH' => '95'
    'HTTP_COOKIE' => '_csrf=0be4b58b425dffd80d22c2d8fa423311e237dc42f2d576a47ef75e930580c8b3a%3A2%3A%7Bi%3A0%3Bs%3A5%3A%22_csrf%22%3Bi%3A1%3Bs%3A32%3A%22O5jujDg38MkiQpIoodA_eheLmtBYYrBi%22%3B%7D'
    'HTTP_HOST' => 'tenis.anunturicl.ro'
    'HTTP_USER_AGENT' => 'PostmanRuntime/7.24.1'
    'HTTP_CACHE_CONTROL' => 'no-cache'
    'HTTP_POSTMAN_TOKEN' => '551a5cf4-fda7-476f-a283-28596806c382'
    'DOCUMENT_ROOT' => '/home/anunturi/tenis.anunturicl.ro'
    'REMOTE_ADDR' => '84.232.137.18'
    'REMOTE_PORT' => '63304'
    'SERVER_ADDR' => '128.140.228.218'
    'SERVER_NAME' => 'tenis.anunturicl.ro'
    'SERVER_ADMIN' => 'webmaster@tenis.anunturicl.ro'
    'SERVER_PORT' => '80'
    'REQUEST_SCHEME' => 'http'
    'REQUEST_URI' => '/api/web/v1/istoric-antrenament'
    'REDIRECT_URL' => '/api/web/v1/istoric-antrenament'
    'REDIRECT_STATUS' => '200'
    'SCRIPT_FILENAME' => '/home/anunturi/tenis.anunturicl.ro/api/web/index.php'
    'QUERY_STRING' => ''
    'SCRIPT_URI' => 'http://tenis.anunturicl.ro/api/web/v1/istoric-antrenament'
    'SCRIPT_URL' => '/api/web/v1/istoric-antrenament'
    'SCRIPT_NAME' => '/api/web/index.php'
    'SERVER_PROTOCOL' => 'HTTP/1.1'
    'SERVER_SOFTWARE' => 'LiteSpeed'
    'REQUEST_METHOD' => 'POST'
    'X-LSCACHE' => 'on'
    'PHP_SELF' => '/api/web/index.php'
    'REQUEST_TIME_FLOAT' => 1590244574.0832
    'REQUEST_TIME' => 1590244574
]
2020-05-23 14:36:24 [84.232.137.18][8][-][warning][yii\debug\Module::checkAccess] Access to debugger is denied due to IP address restriction. The requesting IP address is 84.232.137.18
2020-05-23 14:36:24 [84.232.137.18][8][-][info][application] $_GET = []

$_POST = [
    'sportiv_id' => '6'
    'tipAntrenament_id' => '1'
    'grad_dificultate' => '3'
    'data_antrenament' => '12.02.2020 12:20:02'
]

$_FILES = []

$_COOKIE = [
    '_csrf' => 'd205091d120514d64b6a428229822581b4ff99def6168556b71891af8848e8c7a:2:{i:0;s:5:\"_csrf\";i:1;s:32:\"ayHGyS_wHTgnBHkKUU56C7rG1xRE8V_Z\";}'
]

$_SERVER = [
    'PATH' => '/usr/local/bin:/bin:/usr/bin'
    'HTTP_ACCEPT' => '*/*'
    'HTTP_ACCEPT_ENCODING' => 'gzip, deflate, br'
    'HTTP_AUTHORIZATION' => '***'
    'HTTP_CONNECTION' => 'keep-alive'
    'CONTENT_TYPE' => 'application/x-www-form-urlencoded'
    'CONTENT_LENGTH' => '94'
    'HTTP_COOKIE' => '_csrf=d205091d120514d64b6a428229822581b4ff99def6168556b71891af8848e8c7a%3A2%3A%7Bi%3A0%3Bs%3A5%3A%22_csrf%22%3Bi%3A1%3Bs%3A32%3A%22ayHGyS_wHTgnBHkKUU56C7rG1xRE8V_Z%22%3B%7D'
    'HTTP_HOST' => 'tenis.anunturicl.ro'
    'HTTP_USER_AGENT' => 'PostmanRuntime/7.24.1'
    'HTTP_CACHE_CONTROL' => 'no-cache'
    'HTTP_POSTMAN_TOKEN' => '74dd954f-5046-4872-bcf9-8b13efde0e60'
    'DOCUMENT_ROOT' => '/home/anunturi/tenis.anunturicl.ro'
    'REMOTE_ADDR' => '84.232.137.18'
    'REMOTE_PORT' => '63304'
    'SERVER_ADDR' => '128.140.228.218'
    'SERVER_NAME' => 'tenis.anunturicl.ro'
    'SERVER_ADMIN' => 'webmaster@tenis.anunturicl.ro'
    'SERVER_PORT' => '80'
    'REQUEST_SCHEME' => 'http'
    'REQUEST_URI' => '/api/web/v1/istoric-antrenament'
    'REDIRECT_URL' => '/api/web/v1/istoric-antrenament'
    'REDIRECT_STATUS' => '200'
    'SCRIPT_FILENAME' => '/home/anunturi/tenis.anunturicl.ro/api/web/index.php'
    'QUERY_STRING' => ''
    'SCRIPT_URI' => 'http://tenis.anunturicl.ro/api/web/v1/istoric-antrenament'
    'SCRIPT_URL' => '/api/web/v1/istoric-antrenament'
    'SCRIPT_NAME' => '/api/web/index.php'
    'SERVER_PROTOCOL' => 'HTTP/1.1'
    'SERVER_SOFTWARE' => 'LiteSpeed'
    'REQUEST_METHOD' => 'POST'
    'X-LSCACHE' => 'on'
    'PHP_SELF' => '/api/web/index.php'
    'REQUEST_TIME_FLOAT' => 1590244584.0953
    'REQUEST_TIME' => 1590244584
]
2020-05-23 14:38:14 [84.232.137.18][8][-][warning][yii\debug\Module::checkAccess] Access to debugger is denied due to IP address restriction. The requesting IP address is 84.232.137.18
2020-05-23 14:38:14 [84.232.137.18][8][-][info][application] $_GET = []

$_POST = [
    'sportiv_id' => '6'
    'tipAntrenament_id' => '1'
    'grad_dificultate' => '3'
    'data_antrenament' => '12.02.2020 12:20:02'
]

$_FILES = []

$_COOKIE = [
    '_csrf' => '74093af50b103c34d76493b5943fd41a1dc794143466602613b9cd612e6617f2a:2:{i:0;s:5:\"_csrf\";i:1;s:32:\"jIAtWfwj4bSbPcYFD70hs9I_RIyhYDkk\";}'
]

$_SERVER = [
    'PATH' => '/usr/local/bin:/bin:/usr/bin'
    'HTTP_ACCEPT' => '*/*'
    'HTTP_ACCEPT_ENCODING' => 'gzip, deflate, br'
    'HTTP_AUTHORIZATION' => '***'
    'HTTP_CONNECTION' => 'keep-alive'
    'CONTENT_TYPE' => 'application/x-www-form-urlencoded'
    'CONTENT_LENGTH' => '94'
    'HTTP_COOKIE' => '_csrf=74093af50b103c34d76493b5943fd41a1dc794143466602613b9cd612e6617f2a%3A2%3A%7Bi%3A0%3Bs%3A5%3A%22_csrf%22%3Bi%3A1%3Bs%3A32%3A%22jIAtWfwj4bSbPcYFD70hs9I_RIyhYDkk%22%3B%7D'
    'HTTP_HOST' => 'tenis.anunturicl.ro'
    'HTTP_USER_AGENT' => 'PostmanRuntime/7.24.1'
    'HTTP_CACHE_CONTROL' => 'no-cache'
    'HTTP_POSTMAN_TOKEN' => '07204084-1f40-4072-8e06-658828abe429'
    'DOCUMENT_ROOT' => '/home/anunturi/tenis.anunturicl.ro'
    'REMOTE_ADDR' => '84.232.137.18'
    'REMOTE_PORT' => '63319'
    'SERVER_ADDR' => '128.140.228.218'
    'SERVER_NAME' => 'tenis.anunturicl.ro'
    'SERVER_ADMIN' => 'webmaster@tenis.anunturicl.ro'
    'SERVER_PORT' => '80'
    'REQUEST_SCHEME' => 'http'
    'REQUEST_URI' => '/api/web/v1/istoric-antrenament'
    'REDIRECT_URL' => '/api/web/v1/istoric-antrenament'
    'REDIRECT_STATUS' => '200'
    'SCRIPT_FILENAME' => '/home/anunturi/tenis.anunturicl.ro/api/web/index.php'
    'QUERY_STRING' => ''
    'SCRIPT_URI' => 'http://tenis.anunturicl.ro/api/web/v1/istoric-antrenament'
    'SCRIPT_URL' => '/api/web/v1/istoric-antrenament'
    'SCRIPT_NAME' => '/api/web/index.php'
    'SERVER_PROTOCOL' => 'HTTP/1.1'
    'SERVER_SOFTWARE' => 'LiteSpeed'
    'REQUEST_METHOD' => 'POST'
    'X-LSCACHE' => 'on'
    'PHP_SELF' => '/api/web/index.php'
    'REQUEST_TIME_FLOAT' => 1590244694.6466
    'REQUEST_TIME' => 1590244694
]
2020-05-23 14:40:19 [84.232.137.18][8][-][warning][yii\debug\Module::checkAccess] Access to debugger is denied due to IP address restriction. The requesting IP address is 84.232.137.18
2020-05-23 14:40:19 [84.232.137.18][8][-][info][application] $_GET = [
    'id' => '6'
]

$_POST = [
    'sportiv_id' => '6'
    'tipAntrenament_id' => '1'
    'grad_dificultate' => '3'
    'rating' => '3'
    'data_antrenament' => '12.02.2020 12:20:02'
]

$_FILES = []

$_COOKIE = [
    '_csrf' => 'f71916fc0e642563cfe491a62af77bd55093d7741620843dab24d00aae9f5ca7a:2:{i:0;s:5:\"_csrf\";i:1;s:32:\"G00JYWoTnva94xz08fRp9wDXd5nA-W9v\";}'
]

$_SERVER = [
    'PATH' => '/usr/local/bin:/bin:/usr/bin'
    'HTTP_ACCEPT' => '*/*'
    'HTTP_ACCEPT_ENCODING' => 'gzip, deflate, br'
    'HTTP_AUTHORIZATION' => '***'
    'HTTP_CONNECTION' => 'keep-alive'
    'CONTENT_TYPE' => 'application/x-www-form-urlencoded'
    'CONTENT_LENGTH' => '103'
    'HTTP_COOKIE' => '_csrf=f71916fc0e642563cfe491a62af77bd55093d7741620843dab24d00aae9f5ca7a%3A2%3A%7Bi%3A0%3Bs%3A5%3A%22_csrf%22%3Bi%3A1%3Bs%3A32%3A%22G00JYWoTnva94xz08fRp9wDXd5nA-W9v%22%3B%7D'
    'HTTP_HOST' => 'tenis.anunturicl.ro'
    'HTTP_USER_AGENT' => 'PostmanRuntime/7.24.1'
    'HTTP_CACHE_CONTROL' => 'no-cache'
    'HTTP_POSTMAN_TOKEN' => '8580a4ed-0dbb-4068-9d3c-15239870af33'
    'DOCUMENT_ROOT' => '/home/anunturi/tenis.anunturicl.ro'
    'REMOTE_ADDR' => '84.232.137.18'
    'REMOTE_PORT' => '63323'
    'SERVER_ADDR' => '128.140.228.218'
    'SERVER_NAME' => 'tenis.anunturicl.ro'
    'SERVER_ADMIN' => 'webmaster@tenis.anunturicl.ro'
    'SERVER_PORT' => '80'
    'REQUEST_SCHEME' => 'http'
    'REQUEST_URI' => '/api/web/v1/istoric-antrenament/6'
    'REDIRECT_URL' => '/api/web/v1/istoric-antrenament/6'
    'REDIRECT_STATUS' => '200'
    'SCRIPT_FILENAME' => '/home/anunturi/tenis.anunturicl.ro/api/web/index.php'
    'QUERY_STRING' => ''
    'SCRIPT_URI' => 'http://tenis.anunturicl.ro/api/web/v1/istoric-antrenament/6'
    'SCRIPT_URL' => '/api/web/v1/istoric-antrenament/6'
    'SCRIPT_NAME' => '/api/web/index.php'
    'SERVER_PROTOCOL' => 'HTTP/1.1'
    'SERVER_SOFTWARE' => 'LiteSpeed'
    'REQUEST_METHOD' => 'POST'
    'X-LSCACHE' => 'on'
    'PHP_SELF' => '/api/web/index.php'
    'REQUEST_TIME_FLOAT' => 1590244819.3709
    'REQUEST_TIME' => 1590244819
]
2020-05-23 14:40:33 [84.232.137.18][8][-][warning][yii\debug\Module::checkAccess] Access to debugger is denied due to IP address restriction. The requesting IP address is 84.232.137.18
2020-05-23 14:40:33 [84.232.137.18][8][-][info][application] $_GET = [
    'id' => '6'
]

$_POST = [
    'sportiv_id' => '6'
    'tipAntrenament_id' => '1'
    'grad_dificultate' => '3'
    'rating' => '3'
    'data_antrenament' => '12.02.2020 12:20:02'
]

$_FILES = []

$_COOKIE = [
    '_csrf' => '2217750b749b93238e48810f89dc28232ab9599bd2c809ce1b49f875c5cbe1f7a:2:{i:0;s:5:\"_csrf\";i:1;s:32:\"UPqTXrlFW2B-Hf2oqIe8ozaY87zlReP1\";}'
]

$_SERVER = [
    'PATH' => '/usr/local/bin:/bin:/usr/bin'
    'HTTP_ACCEPT' => '*/*'
    'HTTP_ACCEPT_ENCODING' => 'gzip, deflate, br'
    'HTTP_AUTHORIZATION' => '***'
    'HTTP_CONNECTION' => 'keep-alive'
    'CONTENT_TYPE' => 'application/x-www-form-urlencoded'
    'CONTENT_LENGTH' => '103'
    'HTTP_COOKIE' => '_csrf=2217750b749b93238e48810f89dc28232ab9599bd2c809ce1b49f875c5cbe1f7a%3A2%3A%7Bi%3A0%3Bs%3A5%3A%22_csrf%22%3Bi%3A1%3Bs%3A32%3A%22UPqTXrlFW2B-Hf2oqIe8ozaY87zlReP1%22%3B%7D'
    'HTTP_HOST' => 'tenis.anunturicl.ro'
    'HTTP_USER_AGENT' => 'PostmanRuntime/7.24.1'
    'HTTP_CACHE_CONTROL' => 'no-cache'
    'HTTP_POSTMAN_TOKEN' => '2bde039b-d1c1-4bf2-9946-45051571ac8d'
    'DOCUMENT_ROOT' => '/home/anunturi/tenis.anunturicl.ro'
    'REMOTE_ADDR' => '84.232.137.18'
    'REMOTE_PORT' => '63332'
    'SERVER_ADDR' => '128.140.228.218'
    'SERVER_NAME' => 'tenis.anunturicl.ro'
    'SERVER_ADMIN' => 'webmaster@tenis.anunturicl.ro'
    'SERVER_PORT' => '80'
    'REQUEST_SCHEME' => 'http'
    'REQUEST_URI' => '/api/web/v1/istoric-antrenament/6'
    'REDIRECT_URL' => '/api/web/v1/istoric-antrenament/6'
    'REDIRECT_STATUS' => '200'
    'SCRIPT_FILENAME' => '/home/anunturi/tenis.anunturicl.ro/api/web/index.php'
    'QUERY_STRING' => ''
    'SCRIPT_URI' => 'http://tenis.anunturicl.ro/api/web/v1/istoric-antrenament/6'
    'SCRIPT_URL' => '/api/web/v1/istoric-antrenament/6'
    'SCRIPT_NAME' => '/api/web/index.php'
    'SERVER_PROTOCOL' => 'HTTP/1.1'
    'SERVER_SOFTWARE' => 'LiteSpeed'
    'REQUEST_METHOD' => 'POST'
    'X-LSCACHE' => 'on'
    'PHP_SELF' => '/api/web/index.php'
    'REQUEST_TIME_FLOAT' => 1590244833.4807
    'REQUEST_TIME' => 1590244833
]
2020-05-23 14:40:35 [84.232.137.18][8][-][warning][yii\debug\Module::checkAccess] Access to debugger is denied due to IP address restriction. The requesting IP address is 84.232.137.18
2020-05-23 14:40:35 [84.232.137.18][8][-][info][application] $_GET = [
    'id' => '6'
]

$_POST = [
    'sportiv_id' => '6'
    'tipAntrenament_id' => '1'
    'grad_dificultate' => '3'
    'rating' => '3'
    'data_antrenament' => '12.02.2020 12:20:02'
]

$_FILES = []

$_COOKIE = [
    '_csrf' => 'aed14bfc91a2253431bf8a2dfa9f2c2d3bd9b83d9a6b8ee27a95de4912d01992a:2:{i:0;s:5:\"_csrf\";i:1;s:32:\"8WFVVn6jdlsUsXaCwwnEWHX5ytp3H7kq\";}'
]

$_SERVER = [
    'PATH' => '/usr/local/bin:/bin:/usr/bin'
    'HTTP_ACCEPT' => '*/*'
    'HTTP_ACCEPT_ENCODING' => 'gzip, deflate, br'
    'HTTP_AUTHORIZATION' => '***'
    'HTTP_CONNECTION' => 'keep-alive'
    'CONTENT_TYPE' => 'application/x-www-form-urlencoded'
    'CONTENT_LENGTH' => '103'
    'HTTP_COOKIE' => '_csrf=aed14bfc91a2253431bf8a2dfa9f2c2d3bd9b83d9a6b8ee27a95de4912d01992a%3A2%3A%7Bi%3A0%3Bs%3A5%3A%22_csrf%22%3Bi%3A1%3Bs%3A32%3A%228WFVVn6jdlsUsXaCwwnEWHX5ytp3H7kq%22%3B%7D'
    'HTTP_HOST' => 'tenis.anunturicl.ro'
    'HTTP_USER_AGENT' => 'PostmanRuntime/7.24.1'
    'HTTP_CACHE_CONTROL' => 'no-cache'
    'HTTP_POSTMAN_TOKEN' => 'efe75ad9-52b2-4d8e-b0dd-87704a823612'
    'DOCUMENT_ROOT' => '/home/anunturi/tenis.anunturicl.ro'
    'REMOTE_ADDR' => '84.232.137.18'
    'REMOTE_PORT' => '63332'
    'SERVER_ADDR' => '128.140.228.218'
    'SERVER_NAME' => 'tenis.anunturicl.ro'
    'SERVER_ADMIN' => 'webmaster@tenis.anunturicl.ro'
    'SERVER_PORT' => '80'
    'REQUEST_SCHEME' => 'http'
    'REQUEST_URI' => '/api/web/v1/istoric-antrenament/6'
    'REDIRECT_URL' => '/api/web/v1/istoric-antrenament/6'
    'REDIRECT_STATUS' => '200'
    'SCRIPT_FILENAME' => '/home/anunturi/tenis.anunturicl.ro/api/web/index.php'
    'QUERY_STRING' => ''
    'SCRIPT_URI' => 'http://tenis.anunturicl.ro/api/web/v1/istoric-antrenament/6'
    'SCRIPT_URL' => '/api/web/v1/istoric-antrenament/6'
    'SCRIPT_NAME' => '/api/web/index.php'
    'SERVER_PROTOCOL' => 'HTTP/1.1'
    'SERVER_SOFTWARE' => 'LiteSpeed'
    'REQUEST_METHOD' => 'POST'
    'X-LSCACHE' => 'on'
    'PHP_SELF' => '/api/web/index.php'
    'REQUEST_TIME_FLOAT' => 1590244835.8559
    'REQUEST_TIME' => 1590244835
]
2020-05-23 14:40:41 [84.232.137.18][-][-][error][yii\web\HttpException:405] exception 'yii\web\MethodNotAllowedHttpException' with message 'Method Not Allowed. This URL can only handle the following request methods: POST.' in /home/anunturi/tenis.anunturicl.ro/vendor/yiisoft/yii2/filters/VerbFilter.php:105
Stack trace:
#0 [internal function]: yii\filters\VerbFilter->beforeAction(Object(yii\base\ActionEvent))
#1 /home/anunturi/tenis.anunturicl.ro/vendor/yiisoft/yii2/base/Component.php(627): call_user_func(Array, Object(yii\base\ActionEvent))
#2 /home/anunturi/tenis.anunturicl.ro/vendor/yiisoft/yii2/base/Controller.php(276): yii\base\Component->trigger('beforeAction', Object(yii\base\ActionEvent))
#3 /home/anunturi/tenis.anunturicl.ro/vendor/yiisoft/yii2/web/Controller.php(164): yii\base\Controller->beforeAction(Object(api\modules\v1\actions\UpdateCustomAction))
#4 /home/anunturi/tenis.anunturicl.ro/vendor/yiisoft/yii2/base/Controller.php(155): yii\web\Controller->beforeAction(Object(api\modules\v1\actions\UpdateCustomAction))
#5 /home/anunturi/tenis.anunturicl.ro/vendor/yiisoft/yii2/base/Module.php(528): yii\base\Controller->runAction('update', Array)
#6 /home/anunturi/tenis.anunturicl.ro/vendor/yiisoft/yii2/web/Application.php(103): yii\base\Module->runAction('v1/istoric-antr...', Array)
#7 /home/anunturi/tenis.anunturicl.ro/vendor/yiisoft/yii2/base/Application.php(386): yii\web\Application->handleRequest(Object(yii\web\Request))
#8 /home/anunturi/tenis.anunturicl.ro/api/web/index.php(22): yii\base\Application->run()
#9 {main}
2020-05-23 14:40:41 [84.232.137.18][-][-][warning][yii\debug\Module::checkAccess] Access to debugger is denied due to IP address restriction. The requesting IP address is 84.232.137.18
2020-05-23 14:40:41 [84.232.137.18][-][-][info][application] $_GET = [
    'id' => '6'
]

$_POST = []

$_FILES = []

$_COOKIE = [
    '_csrf' => '94ca41142c8540458d52d76d6d463738f827af05bc0949af7b5a5d693c421832a:2:{i:0;s:5:\"_csrf\";i:1;s:32:\"aReOIguiWR5RjLbt_xuwKwtWGPuLF4Zj\";}'
]

$_SERVER = [
    'PATH' => '/usr/local/bin:/bin:/usr/bin'
    'HTTP_ACCEPT' => '*/*'
    'HTTP_ACCEPT_ENCODING' => 'gzip, deflate, br'
    'HTTP_AUTHORIZATION' => '***'
    'HTTP_CONNECTION' => 'keep-alive'
    'CONTENT_TYPE' => 'application/x-www-form-urlencoded'
    'CONTENT_LENGTH' => '103'
    'HTTP_COOKIE' => '_csrf=94ca41142c8540458d52d76d6d463738f827af05bc0949af7b5a5d693c421832a%3A2%3A%7Bi%3A0%3Bs%3A5%3A%22_csrf%22%3Bi%3A1%3Bs%3A32%3A%22aReOIguiWR5RjLbt_xuwKwtWGPuLF4Zj%22%3B%7D'
    'HTTP_HOST' => 'tenis.anunturicl.ro'
    'HTTP_USER_AGENT' => 'PostmanRuntime/7.24.1'
    'HTTP_CACHE_CONTROL' => 'no-cache'
    'HTTP_POSTMAN_TOKEN' => 'db6aa7e4-d475-4260-a5c3-8ffe1033c19c'
    'DOCUMENT_ROOT' => '/home/anunturi/tenis.anunturicl.ro'
    'REMOTE_ADDR' => '84.232.137.18'
    'REMOTE_PORT' => '63332'
    'SERVER_ADDR' => '128.140.228.218'
    'SERVER_NAME' => 'tenis.anunturicl.ro'
    'SERVER_ADMIN' => 'webmaster@tenis.anunturicl.ro'
    'SERVER_PORT' => '80'
    'REQUEST_SCHEME' => 'http'
    'REQUEST_URI' => '/api/web/v1/istoric-antrenament/6'
    'REDIRECT_URL' => '/api/web/v1/istoric-antrenament/6'
    'REDIRECT_STATUS' => '200'
    'SCRIPT_FILENAME' => '/home/anunturi/tenis.anunturicl.ro/api/web/index.php'
    'QUERY_STRING' => ''
    'SCRIPT_URI' => 'http://tenis.anunturicl.ro/api/web/v1/istoric-antrenament/6'
    'SCRIPT_URL' => '/api/web/v1/istoric-antrenament/6'
    'SCRIPT_NAME' => '/api/web/index.php'
    'SERVER_PROTOCOL' => 'HTTP/1.1'
    'SERVER_SOFTWARE' => 'LiteSpeed'
    'REQUEST_METHOD' => 'PUT'
    'X-LSCACHE' => 'on'
    'PHP_SELF' => '/api/web/index.php'
    'REQUEST_TIME_FLOAT' => 1590244841.2588
    'REQUEST_TIME' => 1590244841
]
2020-05-23 14:40:46 [84.232.137.18][-][-][error][yii\web\HttpException:405] exception 'yii\web\MethodNotAllowedHttpException' with message 'Method Not Allowed. This URL can only handle the following request methods: POST.' in /home/anunturi/tenis.anunturicl.ro/vendor/yiisoft/yii2/filters/VerbFilter.php:105
Stack trace:
#0 [internal function]: yii\filters\VerbFilter->beforeAction(Object(yii\base\ActionEvent))
#1 /home/anunturi/tenis.anunturicl.ro/vendor/yiisoft/yii2/base/Component.php(627): call_user_func(Array, Object(yii\base\ActionEvent))
#2 /home/anunturi/tenis.anunturicl.ro/vendor/yiisoft/yii2/base/Controller.php(276): yii\base\Component->trigger('beforeAction', Object(yii\base\ActionEvent))
#3 /home/anunturi/tenis.anunturicl.ro/vendor/yiisoft/yii2/web/Controller.php(164): yii\base\Controller->beforeAction(Object(api\modules\v1\actions\UpdateCustomAction))
#4 /home/anunturi/tenis.anunturicl.ro/vendor/yiisoft/yii2/base/Controller.php(155): yii\web\Controller->beforeAction(Object(api\modules\v1\actions\UpdateCustomAction))
#5 /home/anunturi/tenis.anunturicl.ro/vendor/yiisoft/yii2/base/Module.php(528): yii\base\Controller->runAction('update', Array)
#6 /home/anunturi/tenis.anunturicl.ro/vendor/yiisoft/yii2/web/Application.php(103): yii\base\Module->runAction('v1/istoric-antr...', Array)
#7 /home/anunturi/tenis.anunturicl.ro/vendor/yiisoft/yii2/base/Application.php(386): yii\web\Application->handleRequest(Object(yii\web\Request))
#8 /home/anunturi/tenis.anunturicl.ro/api/web/index.php(22): yii\base\Application->run()
#9 {main}
2020-05-23 14:40:46 [84.232.137.18][-][-][warning][yii\debug\Module::checkAccess] Access to debugger is denied due to IP address restriction. The requesting IP address is 84.232.137.18
2020-05-23 14:40:46 [84.232.137.18][-][-][info][application] $_GET = [
    'id' => '6'
]

$_POST = []

$_FILES = []

$_COOKIE = [
    '_csrf' => '94ca41142c8540458d52d76d6d463738f827af05bc0949af7b5a5d693c421832a:2:{i:0;s:5:\"_csrf\";i:1;s:32:\"aReOIguiWR5RjLbt_xuwKwtWGPuLF4Zj\";}'
]

$_SERVER = [
    'PATH' => '/usr/local/bin:/bin:/usr/bin'
    'HTTP_ACCEPT' => '*/*'
    'HTTP_ACCEPT_ENCODING' => 'gzip, deflate, br'
    'HTTP_AUTHORIZATION' => '***'
    'HTTP_CONNECTION' => 'keep-alive'
    'CONTENT_TYPE' => 'application/x-www-form-urlencoded'
    'CONTENT_LENGTH' => '103'
    'HTTP_COOKIE' => '_csrf=94ca41142c8540458d52d76d6d463738f827af05bc0949af7b5a5d693c421832a%3A2%3A%7Bi%3A0%3Bs%3A5%3A%22_csrf%22%3Bi%3A1%3Bs%3A32%3A%22aReOIguiWR5RjLbt_xuwKwtWGPuLF4Zj%22%3B%7D'
    'HTTP_HOST' => 'tenis.anunturicl.ro'
    'HTTP_USER_AGENT' => 'PostmanRuntime/7.24.1'
    'HTTP_CACHE_CONTROL' => 'no-cache'
    'HTTP_POSTMAN_TOKEN' => 'd6990a1d-8d90-471f-b030-6148241cf513'
    'DOCUMENT_ROOT' => '/home/anunturi/tenis.anunturicl.ro'
    'REMOTE_ADDR' => '84.232.137.18'
    'REMOTE_PORT' => '63332'
    'SERVER_ADDR' => '128.140.228.218'
    'SERVER_NAME' => 'tenis.anunturicl.ro'
    'SERVER_ADMIN' => 'webmaster@tenis.anunturicl.ro'
    'SERVER_PORT' => '80'
    'REQUEST_SCHEME' => 'http'
    'REQUEST_URI' => '/api/web/v1/istoric-antrenament/6'
    'REDIRECT_URL' => '/api/web/v1/istoric-antrenament/6'
    'REDIRECT_STATUS' => '200'
    'SCRIPT_FILENAME' => '/home/anunturi/tenis.anunturicl.ro/api/web/index.php'
    'QUERY_STRING' => ''
    'SCRIPT_URI' => 'http://tenis.anunturicl.ro/api/web/v1/istoric-antrenament/6'
    'SCRIPT_URL' => '/api/web/v1/istoric-antrenament/6'
    'SCRIPT_NAME' => '/api/web/index.php'
    'SERVER_PROTOCOL' => 'HTTP/1.1'
    'SERVER_SOFTWARE' => 'LiteSpeed'
    'REQUEST_METHOD' => 'PATCH'
    'X-LSCACHE' => 'on'
    'PHP_SELF' => '/api/web/index.php'
    'REQUEST_TIME_FLOAT' => 1590244846.4034
    'REQUEST_TIME' => 1590244846
]
2020-05-23 14:40:47 [84.232.137.18][-][-][error][yii\web\HttpException:405] exception 'yii\web\MethodNotAllowedHttpException' with message 'Method Not Allowed. This URL can only handle the following request methods: POST.' in /home/anunturi/tenis.anunturicl.ro/vendor/yiisoft/yii2/filters/VerbFilter.php:105
Stack trace:
#0 [internal function]: yii\filters\VerbFilter->beforeAction(Object(yii\base\ActionEvent))
#1 /home/anunturi/tenis.anunturicl.ro/vendor/yiisoft/yii2/base/Component.php(627): call_user_func(Array, Object(yii\base\ActionEvent))
#2 /home/anunturi/tenis.anunturicl.ro/vendor/yiisoft/yii2/base/Controller.php(276): yii\base\Component->trigger('beforeAction', Object(yii\base\ActionEvent))
#3 /home/anunturi/tenis.anunturicl.ro/vendor/yiisoft/yii2/web/Controller.php(164): yii\base\Controller->beforeAction(Object(api\modules\v1\actions\UpdateCustomAction))
#4 /home/anunturi/tenis.anunturicl.ro/vendor/yiisoft/yii2/base/Controller.php(155): yii\web\Controller->beforeAction(Object(api\modules\v1\actions\UpdateCustomAction))
#5 /home/anunturi/tenis.anunturicl.ro/vendor/yiisoft/yii2/base/Module.php(528): yii\base\Controller->runAction('update', Array)
#6 /home/anunturi/tenis.anunturicl.ro/vendor/yiisoft/yii2/web/Application.php(103): yii\base\Module->runAction('v1/istoric-antr...', Array)
#7 /home/anunturi/tenis.anunturicl.ro/vendor/yiisoft/yii2/base/Application.php(386): yii\web\Application->handleRequest(Object(yii\web\Request))
#8 /home/anunturi/tenis.anunturicl.ro/api/web/index.php(22): yii\base\Application->run()
#9 {main}
2020-05-23 14:40:47 [84.232.137.18][-][-][warning][yii\debug\Module::checkAccess] Access to debugger is denied due to IP address restriction. The requesting IP address is 84.232.137.18
2020-05-23 14:40:47 [84.232.137.18][-][-][info][application] $_GET = [
    'id' => '6'
]

$_POST = []

$_FILES = []

$_COOKIE = [
    '_csrf' => '94ca41142c8540458d52d76d6d463738f827af05bc0949af7b5a5d693c421832a:2:{i:0;s:5:\"_csrf\";i:1;s:32:\"aReOIguiWR5RjLbt_xuwKwtWGPuLF4Zj\";}'
]

$_SERVER = [
    'PATH' => '/usr/local/bin:/bin:/usr/bin'
    'HTTP_ACCEPT' => '*/*'
    'HTTP_ACCEPT_ENCODING' => 'gzip, deflate, br'
    'HTTP_AUTHORIZATION' => '***'
    'HTTP_CONNECTION' => 'keep-alive'
    'CONTENT_TYPE' => 'application/x-www-form-urlencoded'
    'CONTENT_LENGTH' => '103'
    'HTTP_COOKIE' => '_csrf=94ca41142c8540458d52d76d6d463738f827af05bc0949af7b5a5d693c421832a%3A2%3A%7Bi%3A0%3Bs%3A5%3A%22_csrf%22%3Bi%3A1%3Bs%3A32%3A%22aReOIguiWR5RjLbt_xuwKwtWGPuLF4Zj%22%3B%7D'
    'HTTP_HOST' => 'tenis.anunturicl.ro'
    'HTTP_USER_AGENT' => 'PostmanRuntime/7.24.1'
    'HTTP_CACHE_CONTROL' => 'no-cache'
    'HTTP_POSTMAN_TOKEN' => 'ffa6ab13-f774-4663-9a25-780a5e3c7933'
    'DOCUMENT_ROOT' => '/home/anunturi/tenis.anunturicl.ro'
    'REMOTE_ADDR' => '84.232.137.18'
    'REMOTE_PORT' => '63332'
    'SERVER_ADDR' => '128.140.228.218'
    'SERVER_NAME' => 'tenis.anunturicl.ro'
    'SERVER_ADMIN' => 'webmaster@tenis.anunturicl.ro'
    'SERVER_PORT' => '80'
    'REQUEST_SCHEME' => 'http'
    'REQUEST_URI' => '/api/web/v1/istoric-antrenament/6'
    'REDIRECT_URL' => '/api/web/v1/istoric-antrenament/6'
    'REDIRECT_STATUS' => '200'
    'SCRIPT_FILENAME' => '/home/anunturi/tenis.anunturicl.ro/api/web/index.php'
    'QUERY_STRING' => ''
    'SCRIPT_URI' => 'http://tenis.anunturicl.ro/api/web/v1/istoric-antrenament/6'
    'SCRIPT_URL' => '/api/web/v1/istoric-antrenament/6'
    'SCRIPT_NAME' => '/api/web/index.php'
    'SERVER_PROTOCOL' => 'HTTP/1.1'
    'SERVER_SOFTWARE' => 'LiteSpeed'
    'REQUEST_METHOD' => 'PATCH'
    'X-LSCACHE' => 'on'
    'PHP_SELF' => '/api/web/index.php'
    'REQUEST_TIME_FLOAT' => 1590244847.5071
    'REQUEST_TIME' => 1590244847
]
2020-05-23 14:40:47 [84.232.137.18][-][-][error][yii\web\HttpException:405] exception 'yii\web\MethodNotAllowedHttpException' with message 'Method Not Allowed. This URL can only handle the following request methods: POST.' in /home/anunturi/tenis.anunturicl.ro/vendor/yiisoft/yii2/filters/VerbFilter.php:105
Stack trace:
#0 [internal function]: yii\filters\VerbFilter->beforeAction(Object(yii\base\ActionEvent))
#1 /home/anunturi/tenis.anunturicl.ro/vendor/yiisoft/yii2/base/Component.php(627): call_user_func(Array, Object(yii\base\ActionEvent))
#2 /home/anunturi/tenis.anunturicl.ro/vendor/yiisoft/yii2/base/Controller.php(276): yii\base\Component->trigger('beforeAction', Object(yii\base\ActionEvent))
#3 /home/anunturi/tenis.anunturicl.ro/vendor/yiisoft/yii2/web/Controller.php(164): yii\base\Controller->beforeAction(Object(api\modules\v1\actions\UpdateCustomAction))
#4 /home/anunturi/tenis.anunturicl.ro/vendor/yiisoft/yii2/base/Controller.php(155): yii\web\Controller->beforeAction(Object(api\modules\v1\actions\UpdateCustomAction))
#5 /home/anunturi/tenis.anunturicl.ro/vendor/yiisoft/yii2/base/Module.php(528): yii\base\Controller->runAction('update', Array)
#6 /home/anunturi/tenis.anunturicl.ro/vendor/yiisoft/yii2/web/Application.php(103): yii\base\Module->runAction('v1/istoric-antr...', Array)
#7 /home/anunturi/tenis.anunturicl.ro/vendor/yiisoft/yii2/base/Application.php(386): yii\web\Application->handleRequest(Object(yii\web\Request))
#8 /home/anunturi/tenis.anunturicl.ro/api/web/index.php(22): yii\base\Application->run()
#9 {main}
2020-05-23 14:40:47 [84.232.137.18][-][-][warning][yii\debug\Module::checkAccess] Access to debugger is denied due to IP address restriction. The requesting IP address is 84.232.137.18
2020-05-23 14:40:47 [84.232.137.18][-][-][info][application] $_GET = [
    'id' => '6'
]

$_POST = []

$_FILES = []

$_COOKIE = [
    '_csrf' => '94ca41142c8540458d52d76d6d463738f827af05bc0949af7b5a5d693c421832a:2:{i:0;s:5:\"_csrf\";i:1;s:32:\"aReOIguiWR5RjLbt_xuwKwtWGPuLF4Zj\";}'
]

$_SERVER = [
    'PATH' => '/usr/local/bin:/bin:/usr/bin'
    'HTTP_ACCEPT' => '*/*'
    'HTTP_ACCEPT_ENCODING' => 'gzip, deflate, br'
    'HTTP_AUTHORIZATION' => '***'
    'HTTP_CONNECTION' => 'keep-alive'
    'CONTENT_TYPE' => 'application/x-www-form-urlencoded'
    'CONTENT_LENGTH' => '103'
    'HTTP_COOKIE' => '_csrf=94ca41142c8540458d52d76d6d463738f827af05bc0949af7b5a5d693c421832a%3A2%3A%7Bi%3A0%3Bs%3A5%3A%22_csrf%22%3Bi%3A1%3Bs%3A32%3A%22aReOIguiWR5RjLbt_xuwKwtWGPuLF4Zj%22%3B%7D'
    'HTTP_HOST' => 'tenis.anunturicl.ro'
    'HTTP_USER_AGENT' => 'PostmanRuntime/7.24.1'
    'HTTP_CACHE_CONTROL' => 'no-cache'
    'HTTP_POSTMAN_TOKEN' => 'cd811946-cea3-4b6d-a1b2-e683fc63920f'
    'DOCUMENT_ROOT' => '/home/anunturi/tenis.anunturicl.ro'
    'REMOTE_ADDR' => '84.232.137.18'
    'REMOTE_PORT' => '63332'
    'SERVER_ADDR' => '128.140.228.218'
    'SERVER_NAME' => 'tenis.anunturicl.ro'
    'SERVER_ADMIN' => 'webmaster@tenis.anunturicl.ro'
    'SERVER_PORT' => '80'
    'REQUEST_SCHEME' => 'http'
    'REQUEST_URI' => '/api/web/v1/istoric-antrenament/6'
    'REDIRECT_URL' => '/api/web/v1/istoric-antrenament/6'
    'REDIRECT_STATUS' => '200'
    'SCRIPT_FILENAME' => '/home/anunturi/tenis.anunturicl.ro/api/web/index.php'
    'QUERY_STRING' => ''
    'SCRIPT_URI' => 'http://tenis.anunturicl.ro/api/web/v1/istoric-antrenament/6'
    'SCRIPT_URL' => '/api/web/v1/istoric-antrenament/6'
    'SCRIPT_NAME' => '/api/web/index.php'
    'SERVER_PROTOCOL' => 'HTTP/1.1'
    'SERVER_SOFTWARE' => 'LiteSpeed'
    'REQUEST_METHOD' => 'PATCH'
    'X-LSCACHE' => 'on'
    'PHP_SELF' => '/api/web/index.php'
    'REQUEST_TIME_FLOAT' => 1590244847.9083
    'REQUEST_TIME' => 1590244847
]
2020-05-23 14:40:48 [84.232.137.18][-][-][error][yii\web\HttpException:405] exception 'yii\web\MethodNotAllowedHttpException' with message 'Method Not Allowed. This URL can only handle the following request methods: POST.' in /home/anunturi/tenis.anunturicl.ro/vendor/yiisoft/yii2/filters/VerbFilter.php:105
Stack trace:
#0 [internal function]: yii\filters\VerbFilter->beforeAction(Object(yii\base\ActionEvent))
#1 /home/anunturi/tenis.anunturicl.ro/vendor/yiisoft/yii2/base/Component.php(627): call_user_func(Array, Object(yii\base\ActionEvent))
#2 /home/anunturi/tenis.anunturicl.ro/vendor/yiisoft/yii2/base/Controller.php(276): yii\base\Component->trigger('beforeAction', Object(yii\base\ActionEvent))
#3 /home/anunturi/tenis.anunturicl.ro/vendor/yiisoft/yii2/web/Controller.php(164): yii\base\Controller->beforeAction(Object(api\modules\v1\actions\UpdateCustomAction))
#4 /home/anunturi/tenis.anunturicl.ro/vendor/yiisoft/yii2/base/Controller.php(155): yii\web\Controller->beforeAction(Object(api\modules\v1\actions\UpdateCustomAction))
#5 /home/anunturi/tenis.anunturicl.ro/vendor/yiisoft/yii2/base/Module.php(528): yii\base\Controller->runAction('update', Array)
#6 /home/anunturi/tenis.anunturicl.ro/vendor/yiisoft/yii2/web/Application.php(103): yii\base\Module->runAction('v1/istoric-antr...', Array)
#7 /home/anunturi/tenis.anunturicl.ro/vendor/yiisoft/yii2/base/Application.php(386): yii\web\Application->handleRequest(Object(yii\web\Request))
#8 /home/anunturi/tenis.anunturicl.ro/api/web/index.php(22): yii\base\Application->run()
#9 {main}
2020-05-23 14:40:48 [84.232.137.18][-][-][warning][yii\debug\Module::checkAccess] Access to debugger is denied due to IP address restriction. The requesting IP address is 84.232.137.18
2020-05-23 14:40:48 [84.232.137.18][-][-][info][application] $_GET = [
    'id' => '6'
]

$_POST = []

$_FILES = []

$_COOKIE = [
    '_csrf' => '94ca41142c8540458d52d76d6d463738f827af05bc0949af7b5a5d693c421832a:2:{i:0;s:5:\"_csrf\";i:1;s:32:\"aReOIguiWR5RjLbt_xuwKwtWGPuLF4Zj\";}'
]

$_SERVER = [
    'PATH' => '/usr/local/bin:/bin:/usr/bin'
    'HTTP_ACCEPT' => '*/*'
    'HTTP_ACCEPT_ENCODING' => 'gzip, deflate, br'
    'HTTP_AUTHORIZATION' => '***'
    'HTTP_CONNECTION' => 'keep-alive'
    'CONTENT_TYPE' => 'application/x-www-form-urlencoded'
    'CONTENT_LENGTH' => '103'
    'HTTP_COOKIE' => '_csrf=94ca41142c8540458d52d76d6d463738f827af05bc0949af7b5a5d693c421832a%3A2%3A%7Bi%3A0%3Bs%3A5%3A%22_csrf%22%3Bi%3A1%3Bs%3A32%3A%22aReOIguiWR5RjLbt_xuwKwtWGPuLF4Zj%22%3B%7D'
    'HTTP_HOST' => 'tenis.anunturicl.ro'
    'HTTP_USER_AGENT' => 'PostmanRuntime/7.24.1'
    'HTTP_CACHE_CONTROL' => 'no-cache'
    'HTTP_POSTMAN_TOKEN' => '255a4eda-c0ad-4763-9f3c-c7233fb9436e'
    'DOCUMENT_ROOT' => '/home/anunturi/tenis.anunturicl.ro'
    'REMOTE_ADDR' => '84.232.137.18'
    'REMOTE_PORT' => '63332'
    'SERVER_ADDR' => '128.140.228.218'
    'SERVER_NAME' => 'tenis.anunturicl.ro'
    'SERVER_ADMIN' => 'webmaster@tenis.anunturicl.ro'
    'SERVER_PORT' => '80'
    'REQUEST_SCHEME' => 'http'
    'REQUEST_URI' => '/api/web/v1/istoric-antrenament/6'
    'REDIRECT_URL' => '/api/web/v1/istoric-antrenament/6'
    'REDIRECT_STATUS' => '200'
    'SCRIPT_FILENAME' => '/home/anunturi/tenis.anunturicl.ro/api/web/index.php'
    'QUERY_STRING' => ''
    'SCRIPT_URI' => 'http://tenis.anunturicl.ro/api/web/v1/istoric-antrenament/6'
    'SCRIPT_URL' => '/api/web/v1/istoric-antrenament/6'
    'SCRIPT_NAME' => '/api/web/index.php'
    'SERVER_PROTOCOL' => 'HTTP/1.1'
    'SERVER_SOFTWARE' => 'LiteSpeed'
    'REQUEST_METHOD' => 'PATCH'
    'X-LSCACHE' => 'on'
    'PHP_SELF' => '/api/web/index.php'
    'REQUEST_TIME_FLOAT' => 1590244848.2493
    'REQUEST_TIME' => 1590244848
]
2020-05-23 14:41:43 [84.232.137.18][8][-][warning][yii\debug\Module::checkAccess] Access to debugger is denied due to IP address restriction. The requesting IP address is 84.232.137.18
2020-05-23 14:41:43 [84.232.137.18][8][-][info][application] $_GET = [
    'id' => '6'
]

$_POST = []

$_FILES = []

$_COOKIE = [
    '_csrf' => '94ca41142c8540458d52d76d6d463738f827af05bc0949af7b5a5d693c421832a:2:{i:0;s:5:\"_csrf\";i:1;s:32:\"aReOIguiWR5RjLbt_xuwKwtWGPuLF4Zj\";}'
]

$_SERVER = [
    'PATH' => '/usr/local/bin:/bin:/usr/bin'
    'HTTP_ACCEPT' => '*/*'
    'HTTP_ACCEPT_ENCODING' => 'gzip, deflate, br'
    'HTTP_AUTHORIZATION' => '***'
    'HTTP_CONNECTION' => 'keep-alive'
    'CONTENT_TYPE' => 'application/x-www-form-urlencoded'
    'CONTENT_LENGTH' => '103'
    'HTTP_COOKIE' => '_csrf=94ca41142c8540458d52d76d6d463738f827af05bc0949af7b5a5d693c421832a%3A2%3A%7Bi%3A0%3Bs%3A5%3A%22_csrf%22%3Bi%3A1%3Bs%3A32%3A%22aReOIguiWR5RjLbt_xuwKwtWGPuLF4Zj%22%3B%7D'
    'HTTP_HOST' => 'tenis.anunturicl.ro'
    'HTTP_USER_AGENT' => 'PostmanRuntime/7.24.1'
    'HTTP_CACHE_CONTROL' => 'no-cache'
    'HTTP_POSTMAN_TOKEN' => 'e570fb97-e68e-4e7f-b384-077ba9e98935'
    'DOCUMENT_ROOT' => '/home/anunturi/tenis.anunturicl.ro'
    'REMOTE_ADDR' => '84.232.137.18'
    'REMOTE_PORT' => '63342'
    'SERVER_ADDR' => '128.140.228.218'
    'SERVER_NAME' => 'tenis.anunturicl.ro'
    'SERVER_ADMIN' => 'webmaster@tenis.anunturicl.ro'
    'SERVER_PORT' => '80'
    'REQUEST_SCHEME' => 'http'
    'REQUEST_URI' => '/api/web/v1/istoric-antrenament/6'
    'REDIRECT_URL' => '/api/web/v1/istoric-antrenament/6'
    'REDIRECT_STATUS' => '200'
    'SCRIPT_FILENAME' => '/home/anunturi/tenis.anunturicl.ro/api/web/index.php'
    'QUERY_STRING' => ''
    'SCRIPT_URI' => 'http://tenis.anunturicl.ro/api/web/v1/istoric-antrenament/6'
    'SCRIPT_URL' => '/api/web/v1/istoric-antrenament/6'
    'SCRIPT_NAME' => '/api/web/index.php'
    'SERVER_PROTOCOL' => 'HTTP/1.1'
    'SERVER_SOFTWARE' => 'LiteSpeed'
    'REQUEST_METHOD' => 'PATCH'
    'X-LSCACHE' => 'on'
    'PHP_SELF' => '/api/web/index.php'
    'REQUEST_TIME_FLOAT' => 1590244903.1406
    'REQUEST_TIME' => 1590244903
]
2020-05-23 14:42:13 [84.232.137.18][8][-][warning][yii\debug\Module::checkAccess] Access to debugger is denied due to IP address restriction. The requesting IP address is 84.232.137.18
2020-05-23 14:42:13 [84.232.137.18][8][-][info][application] $_GET = [
    'id' => '5'
]

$_POST = [
    'sportiv_id' => '6'
    'tipAntrenament_id' => '1'
    'grad_dificultate' => '3'
    'rating' => '3'
    'data_antrenament' => '12.02.2020 12:20:02'
]

$_FILES = []

$_COOKIE = [
    '_csrf' => 'bf7c1a56b20d468719def25254bbff0033837ebfa33c17309b6691dede744611a:2:{i:0;s:5:\"_csrf\";i:1;s:32:\"7zD5z0dJEcD7KD7iBpDiti2wUpSvsBMn\";}'
]

$_SERVER = [
    'PATH' => '/usr/local/bin:/bin:/usr/bin'
    'HTTP_ACCEPT' => '*/*'
    'HTTP_ACCEPT_ENCODING' => 'gzip, deflate, br'
    'HTTP_AUTHORIZATION' => '***'
    'HTTP_CONNECTION' => 'keep-alive'
    'CONTENT_TYPE' => 'application/x-www-form-urlencoded'
    'CONTENT_LENGTH' => '103'
    'HTTP_COOKIE' => '_csrf=bf7c1a56b20d468719def25254bbff0033837ebfa33c17309b6691dede744611a%3A2%3A%7Bi%3A0%3Bs%3A5%3A%22_csrf%22%3Bi%3A1%3Bs%3A32%3A%227zD5z0dJEcD7KD7iBpDiti2wUpSvsBMn%22%3B%7D'
    'HTTP_HOST' => 'tenis.anunturicl.ro'
    'HTTP_USER_AGENT' => 'PostmanRuntime/7.24.1'
    'HTTP_CACHE_CONTROL' => 'no-cache'
    'HTTP_POSTMAN_TOKEN' => '89dd070e-313a-4bfd-902c-bdfbbdfbf26a'
    'DOCUMENT_ROOT' => '/home/anunturi/tenis.anunturicl.ro'
    'REMOTE_ADDR' => '84.232.137.18'
    'REMOTE_PORT' => '63351'
    'SERVER_ADDR' => '128.140.228.218'
    'SERVER_NAME' => 'tenis.anunturicl.ro'
    'SERVER_ADMIN' => 'webmaster@tenis.anunturicl.ro'
    'SERVER_PORT' => '80'
    'REQUEST_SCHEME' => 'http'
    'REQUEST_URI' => '/api/web/v1/istoric-antrenament/5'
    'REDIRECT_URL' => '/api/web/v1/istoric-antrenament/5'
    'REDIRECT_STATUS' => '200'
    'SCRIPT_FILENAME' => '/home/anunturi/tenis.anunturicl.ro/api/web/index.php'
    'QUERY_STRING' => ''
    'SCRIPT_URI' => 'http://tenis.anunturicl.ro/api/web/v1/istoric-antrenament/5'
    'SCRIPT_URL' => '/api/web/v1/istoric-antrenament/5'
    'SCRIPT_NAME' => '/api/web/index.php'
    'SERVER_PROTOCOL' => 'HTTP/1.1'
    'SERVER_SOFTWARE' => 'LiteSpeed'
    'REQUEST_METHOD' => 'POST'
    'X-LSCACHE' => 'on'
    'PHP_SELF' => '/api/web/index.php'
    'REQUEST_TIME_FLOAT' => 1590244933.0051
    'REQUEST_TIME' => 1590244933
]
2020-05-23 14:42:18 [84.232.137.18][-][-][error][yii\web\HttpException:405] exception 'yii\web\MethodNotAllowedHttpException' with message 'Method Not Allowed. This URL can only handle the following request methods: POST.' in /home/anunturi/tenis.anunturicl.ro/vendor/yiisoft/yii2/filters/VerbFilter.php:105
Stack trace:
#0 [internal function]: yii\filters\VerbFilter->beforeAction(Object(yii\base\ActionEvent))
#1 /home/anunturi/tenis.anunturicl.ro/vendor/yiisoft/yii2/base/Component.php(627): call_user_func(Array, Object(yii\base\ActionEvent))
#2 /home/anunturi/tenis.anunturicl.ro/vendor/yiisoft/yii2/base/Controller.php(276): yii\base\Component->trigger('beforeAction', Object(yii\base\ActionEvent))
#3 /home/anunturi/tenis.anunturicl.ro/vendor/yiisoft/yii2/web/Controller.php(164): yii\base\Controller->beforeAction(Object(api\modules\v1\actions\UpdateCustomAction))
#4 /home/anunturi/tenis.anunturicl.ro/vendor/yiisoft/yii2/base/Controller.php(155): yii\web\Controller->beforeAction(Object(api\modules\v1\actions\UpdateCustomAction))
#5 /home/anunturi/tenis.anunturicl.ro/vendor/yiisoft/yii2/base/Module.php(528): yii\base\Controller->runAction('update', Array)
#6 /home/anunturi/tenis.anunturicl.ro/vendor/yiisoft/yii2/web/Application.php(103): yii\base\Module->runAction('v1/istoric-antr...', Array)
#7 /home/anunturi/tenis.anunturicl.ro/vendor/yiisoft/yii2/base/Application.php(386): yii\web\Application->handleRequest(Object(yii\web\Request))
#8 /home/anunturi/tenis.anunturicl.ro/api/web/index.php(22): yii\base\Application->run()
#9 {main}
2020-05-23 14:42:18 [84.232.137.18][-][-][warning][yii\debug\Module::checkAccess] Access to debugger is denied due to IP address restriction. The requesting IP address is 84.232.137.18
2020-05-23 14:42:18 [84.232.137.18][-][-][info][application] $_GET = [
    'id' => '5'
]

$_POST = []

$_FILES = []

$_COOKIE = [
    '_csrf' => 'a964a64b75bd48db550f2c575d80fe4c56989a1de25c9c06c9187767954537cca:2:{i:0;s:5:\"_csrf\";i:1;s:32:\"HwYmRHdSkMfrm5PDvaK011gKVP_3aEFH\";}'
]

$_SERVER = [
    'PATH' => '/usr/local/bin:/bin:/usr/bin'
    'HTTP_ACCEPT' => '*/*'
    'HTTP_ACCEPT_ENCODING' => 'gzip, deflate, br'
    'HTTP_AUTHORIZATION' => '***'
    'HTTP_CONNECTION' => 'keep-alive'
    'CONTENT_TYPE' => 'application/x-www-form-urlencoded'
    'CONTENT_LENGTH' => '103'
    'HTTP_COOKIE' => '_csrf=a964a64b75bd48db550f2c575d80fe4c56989a1de25c9c06c9187767954537cca%3A2%3A%7Bi%3A0%3Bs%3A5%3A%22_csrf%22%3Bi%3A1%3Bs%3A32%3A%22HwYmRHdSkMfrm5PDvaK011gKVP_3aEFH%22%3B%7D'
    'HTTP_HOST' => 'tenis.anunturicl.ro'
    'HTTP_USER_AGENT' => 'PostmanRuntime/7.24.1'
    'HTTP_CACHE_CONTROL' => 'no-cache'
    'HTTP_POSTMAN_TOKEN' => '6a882236-5f69-41b4-a4c4-6fc6ad537ad1'
    'DOCUMENT_ROOT' => '/home/anunturi/tenis.anunturicl.ro'
    'REMOTE_ADDR' => '84.232.137.18'
    'REMOTE_PORT' => '63351'
    'SERVER_ADDR' => '128.140.228.218'
    'SERVER_NAME' => 'tenis.anunturicl.ro'
    'SERVER_ADMIN' => 'webmaster@tenis.anunturicl.ro'
    'SERVER_PORT' => '80'
    'REQUEST_SCHEME' => 'http'
    'REQUEST_URI' => '/api/web/v1/istoric-antrenament/5'
    'REDIRECT_URL' => '/api/web/v1/istoric-antrenament/5'
    'REDIRECT_STATUS' => '200'
    'SCRIPT_FILENAME' => '/home/anunturi/tenis.anunturicl.ro/api/web/index.php'
    'QUERY_STRING' => ''
    'SCRIPT_URI' => 'http://tenis.anunturicl.ro/api/web/v1/istoric-antrenament/5'
    'SCRIPT_URL' => '/api/web/v1/istoric-antrenament/5'
    'SCRIPT_NAME' => '/api/web/index.php'
    'SERVER_PROTOCOL' => 'HTTP/1.1'
    'SERVER_SOFTWARE' => 'LiteSpeed'
    'REQUEST_METHOD' => 'PATCH'
    'X-LSCACHE' => 'on'
    'PHP_SELF' => '/api/web/index.php'
    'REQUEST_TIME_FLOAT' => 1590244938.2395
    'REQUEST_TIME' => 1590244938
]
2020-05-23 14:42:23 [84.232.137.18][-][-][error][yii\web\HttpException:405] exception 'yii\web\MethodNotAllowedHttpException' with message 'Method Not Allowed. This URL can only handle the following request methods: POST.' in /home/anunturi/tenis.anunturicl.ro/vendor/yiisoft/yii2/filters/VerbFilter.php:105
Stack trace:
#0 [internal function]: yii\filters\VerbFilter->beforeAction(Object(yii\base\ActionEvent))
#1 /home/anunturi/tenis.anunturicl.ro/vendor/yiisoft/yii2/base/Component.php(627): call_user_func(Array, Object(yii\base\ActionEvent))
#2 /home/anunturi/tenis.anunturicl.ro/vendor/yiisoft/yii2/base/Controller.php(276): yii\base\Component->trigger('beforeAction', Object(yii\base\ActionEvent))
#3 /home/anunturi/tenis.anunturicl.ro/vendor/yiisoft/yii2/web/Controller.php(164): yii\base\Controller->beforeAction(Object(api\modules\v1\actions\UpdateCustomAction))
#4 /home/anunturi/tenis.anunturicl.ro/vendor/yiisoft/yii2/base/Controller.php(155): yii\web\Controller->beforeAction(Object(api\modules\v1\actions\UpdateCustomAction))
#5 /home/anunturi/tenis.anunturicl.ro/vendor/yiisoft/yii2/base/Module.php(528): yii\base\Controller->runAction('update', Array)
#6 /home/anunturi/tenis.anunturicl.ro/vendor/yiisoft/yii2/web/Application.php(103): yii\base\Module->runAction('v1/istoric-antr...', Array)
#7 /home/anunturi/tenis.anunturicl.ro/vendor/yiisoft/yii2/base/Application.php(386): yii\web\Application->handleRequest(Object(yii\web\Request))
#8 /home/anunturi/tenis.anunturicl.ro/api/web/index.php(22): yii\base\Application->run()
#9 {main}
2020-05-23 14:42:23 [84.232.137.18][-][-][warning][yii\debug\Module::checkAccess] Access to debugger is denied due to IP address restriction. The requesting IP address is 84.232.137.18
2020-05-23 14:42:23 [84.232.137.18][-][-][info][application] $_GET = [
    'id' => '5'
]

$_POST = []

$_FILES = []

$_COOKIE = [
    '_csrf' => 'a964a64b75bd48db550f2c575d80fe4c56989a1de25c9c06c9187767954537cca:2:{i:0;s:5:\"_csrf\";i:1;s:32:\"HwYmRHdSkMfrm5PDvaK011gKVP_3aEFH\";}'
]

$_SERVER = [
    'PATH' => '/usr/local/bin:/bin:/usr/bin'
    'HTTP_ACCEPT' => '*/*'
    'HTTP_ACCEPT_ENCODING' => 'gzip, deflate, br'
    'HTTP_AUTHORIZATION' => '***'
    'HTTP_CONNECTION' => 'keep-alive'
    'CONTENT_TYPE' => 'application/x-www-form-urlencoded'
    'CONTENT_LENGTH' => '103'
    'HTTP_COOKIE' => '_csrf=a964a64b75bd48db550f2c575d80fe4c56989a1de25c9c06c9187767954537cca%3A2%3A%7Bi%3A0%3Bs%3A5%3A%22_csrf%22%3Bi%3A1%3Bs%3A32%3A%22HwYmRHdSkMfrm5PDvaK011gKVP_3aEFH%22%3B%7D'
    'HTTP_HOST' => 'tenis.anunturicl.ro'
    'HTTP_USER_AGENT' => 'PostmanRuntime/7.24.1'
    'HTTP_CACHE_CONTROL' => 'no-cache'
    'HTTP_POSTMAN_TOKEN' => 'e0931576-d51a-4da0-b57a-4234902a4fae'
    'DOCUMENT_ROOT' => '/home/anunturi/tenis.anunturicl.ro'
    'REMOTE_ADDR' => '84.232.137.18'
    'REMOTE_PORT' => '63351'
    'SERVER_ADDR' => '128.140.228.218'
    'SERVER_NAME' => 'tenis.anunturicl.ro'
    'SERVER_ADMIN' => 'webmaster@tenis.anunturicl.ro'
    'SERVER_PORT' => '80'
    'REQUEST_SCHEME' => 'http'
    'REQUEST_URI' => '/api/web/v1/istoric-antrenament/5'
    'REDIRECT_URL' => '/api/web/v1/istoric-antrenament/5'
    'REDIRECT_STATUS' => '200'
    'SCRIPT_FILENAME' => '/home/anunturi/tenis.anunturicl.ro/api/web/index.php'
    'QUERY_STRING' => ''
    'SCRIPT_URI' => 'http://tenis.anunturicl.ro/api/web/v1/istoric-antrenament/5'
    'SCRIPT_URL' => '/api/web/v1/istoric-antrenament/5'
    'SCRIPT_NAME' => '/api/web/index.php'
    'SERVER_PROTOCOL' => 'HTTP/1.1'
    'SERVER_SOFTWARE' => 'LiteSpeed'
    'REQUEST_METHOD' => 'PUT'
    'X-LSCACHE' => 'on'
    'PHP_SELF' => '/api/web/index.php'
    'REQUEST_TIME_FLOAT' => 1590244943.338
    'REQUEST_TIME' => 1590244943
]
2020-05-23 14:42:52 [84.232.137.18][8][-][warning][yii\debug\Module::checkAccess] Access to debugger is denied due to IP address restriction. The requesting IP address is 84.232.137.18
2020-05-23 14:42:52 [84.232.137.18][8][-][info][application] $_GET = [
    'id' => '5'
]

$_POST = [
    'sportiv_id' => '6'
    'tipAntrenament_id' => '1'
    'grad_dificultate' => '3'
    'rating' => '3'
    'data_antrenament' => '12.02.2020 12:20:02'
]

$_FILES = []

$_COOKIE = [
    '_csrf' => 'a964a64b75bd48db550f2c575d80fe4c56989a1de25c9c06c9187767954537cca:2:{i:0;s:5:\"_csrf\";i:1;s:32:\"HwYmRHdSkMfrm5PDvaK011gKVP_3aEFH\";}'
]

$_SERVER = [
    'PATH' => '/usr/local/bin:/bin:/usr/bin'
    'HTTP_ACCEPT' => '*/*'
    'HTTP_ACCEPT_ENCODING' => 'gzip, deflate, br'
    'HTTP_AUTHORIZATION' => '***'
    'HTTP_CONNECTION' => 'keep-alive'
    'CONTENT_TYPE' => 'application/x-www-form-urlencoded'
    'CONTENT_LENGTH' => '103'
    'HTTP_COOKIE' => '_csrf=a964a64b75bd48db550f2c575d80fe4c56989a1de25c9c06c9187767954537cca%3A2%3A%7Bi%3A0%3Bs%3A5%3A%22_csrf%22%3Bi%3A1%3Bs%3A32%3A%22HwYmRHdSkMfrm5PDvaK011gKVP_3aEFH%22%3B%7D'
    'HTTP_HOST' => 'tenis.anunturicl.ro'
    'HTTP_USER_AGENT' => 'PostmanRuntime/7.24.1'
    'HTTP_CACHE_CONTROL' => 'no-cache'
    'HTTP_POSTMAN_TOKEN' => '4167101f-2280-48e2-b408-0eadf81f0f1e'
    'DOCUMENT_ROOT' => '/home/anunturi/tenis.anunturicl.ro'
    'REMOTE_ADDR' => '84.232.137.18'
    'REMOTE_PORT' => '63362'
    'SERVER_ADDR' => '128.140.228.218'
    'SERVER_NAME' => 'tenis.anunturicl.ro'
    'SERVER_ADMIN' => 'webmaster@tenis.anunturicl.ro'
    'SERVER_PORT' => '80'
    'REQUEST_SCHEME' => 'http'
    'REQUEST_URI' => '/api/web/v1/istoric-antrenament/5'
    'REDIRECT_URL' => '/api/web/v1/istoric-antrenament/5'
    'REDIRECT_STATUS' => '200'
    'SCRIPT_FILENAME' => '/home/anunturi/tenis.anunturicl.ro/api/web/index.php'
    'QUERY_STRING' => ''
    'SCRIPT_URI' => 'http://tenis.anunturicl.ro/api/web/v1/istoric-antrenament/5'
    'SCRIPT_URL' => '/api/web/v1/istoric-antrenament/5'
    'SCRIPT_NAME' => '/api/web/index.php'
    'SERVER_PROTOCOL' => 'HTTP/1.1'
    'SERVER_SOFTWARE' => 'LiteSpeed'
    'REQUEST_METHOD' => 'POST'
    'X-LSCACHE' => 'on'
    'PHP_SELF' => '/api/web/index.php'
    'REQUEST_TIME_FLOAT' => 1590244972.7581
    'REQUEST_TIME' => 1590244972
]
2020-05-23 14:43:11 [84.232.137.18][8][-][warning][yii\debug\Module::checkAccess] Access to debugger is denied due to IP address restriction. The requesting IP address is 84.232.137.18
2020-05-23 14:43:11 [84.232.137.18][8][-][info][application] $_GET = [
    'id' => '5'
]

$_POST = [
    'sportiv_id' => '6'
    'tipAntrenament_id' => '1'
    'grad_dificultate' => '3'
    'rating' => '2'
    'data_antrenament' => '12.02.2020 12:20:02'
]

$_FILES = []

$_COOKIE = [
    '_csrf' => 'fbc3de773b85f4bf157685e4f6283a83965eb97be7ccb4f9df7c4a63c796b043a:2:{i:0;s:5:\"_csrf\";i:1;s:32:\"tOKoWKI7SL_zG4OASPmi_9KeB-rvtCZB\";}'
]

$_SERVER = [
    'PATH' => '/usr/local/bin:/bin:/usr/bin'
    'HTTP_ACCEPT' => '*/*'
    'HTTP_ACCEPT_ENCODING' => 'gzip, deflate, br'
    'HTTP_AUTHORIZATION' => '***'
    'HTTP_CONNECTION' => 'keep-alive'
    'CONTENT_TYPE' => 'application/x-www-form-urlencoded'
    'CONTENT_LENGTH' => '103'
    'HTTP_COOKIE' => '_csrf=fbc3de773b85f4bf157685e4f6283a83965eb97be7ccb4f9df7c4a63c796b043a%3A2%3A%7Bi%3A0%3Bs%3A5%3A%22_csrf%22%3Bi%3A1%3Bs%3A32%3A%22tOKoWKI7SL_zG4OASPmi_9KeB-rvtCZB%22%3B%7D'
    'HTTP_HOST' => 'tenis.anunturicl.ro'
    'HTTP_USER_AGENT' => 'PostmanRuntime/7.24.1'
    'HTTP_CACHE_CONTROL' => 'no-cache'
    'HTTP_POSTMAN_TOKEN' => 'f0b69d06-967f-4034-a83d-adfc6e00651a'
    'DOCUMENT_ROOT' => '/home/anunturi/tenis.anunturicl.ro'
    'REMOTE_ADDR' => '84.232.137.18'
    'REMOTE_PORT' => '63367'
    'SERVER_ADDR' => '128.140.228.218'
    'SERVER_NAME' => 'tenis.anunturicl.ro'
    'SERVER_ADMIN' => 'webmaster@tenis.anunturicl.ro'
    'SERVER_PORT' => '80'
    'REQUEST_SCHEME' => 'http'
    'REQUEST_URI' => '/api/web/v1/istoric-antrenament/5'
    'REDIRECT_URL' => '/api/web/v1/istoric-antrenament/5'
    'REDIRECT_STATUS' => '200'
    'SCRIPT_FILENAME' => '/home/anunturi/tenis.anunturicl.ro/api/web/index.php'
    'QUERY_STRING' => ''
    'SCRIPT_URI' => 'http://tenis.anunturicl.ro/api/web/v1/istoric-antrenament/5'
    'SCRIPT_URL' => '/api/web/v1/istoric-antrenament/5'
    'SCRIPT_NAME' => '/api/web/index.php'
    'SERVER_PROTOCOL' => 'HTTP/1.1'
    'SERVER_SOFTWARE' => 'LiteSpeed'
    'REQUEST_METHOD' => 'POST'
    'X-LSCACHE' => 'on'
    'PHP_SELF' => '/api/web/index.php'
    'REQUEST_TIME_FLOAT' => 1590244991.1907
    'REQUEST_TIME' => 1590244991
]
2020-05-23 14:43:23 [84.232.137.18][8][-][warning][yii\debug\Module::checkAccess] Access to debugger is denied due to IP address restriction. The requesting IP address is 84.232.137.18
2020-05-23 14:43:23 [84.232.137.18][8][-][info][application] $_GET = [
    'id' => '5'
]

$_POST = [
    'sportiv_id' => '10'
    'tipAntrenament_id' => '1'
    'grad_dificultate' => '3'
    'rating' => '2'
    'data_antrenament' => '12.02.2020 12:20:02'
]

$_FILES = []

$_COOKIE = [
    '_csrf' => 'c1ca745704f344f2207b0db8fbe0274240ac35e25ab96b95749e95da1bc6143da:2:{i:0;s:5:\"_csrf\";i:1;s:32:\"prMln29XT9MjyUWGLiE0WfK8aLVzTE_G\";}'
]

$_SERVER = [
    'PATH' => '/usr/local/bin:/bin:/usr/bin'
    'HTTP_ACCEPT' => '*/*'
    'HTTP_ACCEPT_ENCODING' => 'gzip, deflate, br'
    'HTTP_AUTHORIZATION' => '***'
    'HTTP_CONNECTION' => 'keep-alive'
    'CONTENT_TYPE' => 'application/x-www-form-urlencoded'
    'CONTENT_LENGTH' => '104'
    'HTTP_COOKIE' => '_csrf=c1ca745704f344f2207b0db8fbe0274240ac35e25ab96b95749e95da1bc6143da%3A2%3A%7Bi%3A0%3Bs%3A5%3A%22_csrf%22%3Bi%3A1%3Bs%3A32%3A%22prMln29XT9MjyUWGLiE0WfK8aLVzTE_G%22%3B%7D'
    'HTTP_HOST' => 'tenis.anunturicl.ro'
    'HTTP_USER_AGENT' => 'PostmanRuntime/7.24.1'
    'HTTP_CACHE_CONTROL' => 'no-cache'
    'HTTP_POSTMAN_TOKEN' => 'b0fdc2eb-5b51-4824-8111-6b9ae2ef91ab'
    'DOCUMENT_ROOT' => '/home/anunturi/tenis.anunturicl.ro'
    'REMOTE_ADDR' => '84.232.137.18'
    'REMOTE_PORT' => '63368'
    'SERVER_ADDR' => '128.140.228.218'
    'SERVER_NAME' => 'tenis.anunturicl.ro'
    'SERVER_ADMIN' => 'webmaster@tenis.anunturicl.ro'
    'SERVER_PORT' => '80'
    'REQUEST_SCHEME' => 'http'
    'REQUEST_URI' => '/api/web/v1/istoric-antrenament/5'
    'REDIRECT_URL' => '/api/web/v1/istoric-antrenament/5'
    'REDIRECT_STATUS' => '200'
    'SCRIPT_FILENAME' => '/home/anunturi/tenis.anunturicl.ro/api/web/index.php'
    'QUERY_STRING' => ''
    'SCRIPT_URI' => 'http://tenis.anunturicl.ro/api/web/v1/istoric-antrenament/5'
    'SCRIPT_URL' => '/api/web/v1/istoric-antrenament/5'
    'SCRIPT_NAME' => '/api/web/index.php'
    'SERVER_PROTOCOL' => 'HTTP/1.1'
    'SERVER_SOFTWARE' => 'LiteSpeed'
    'REQUEST_METHOD' => 'POST'
    'X-LSCACHE' => 'on'
    'PHP_SELF' => '/api/web/index.php'
    'REQUEST_TIME_FLOAT' => 1590245003.2193
    'REQUEST_TIME' => 1590245003
]
2020-05-23 14:43:29 [84.232.137.18][8][-][warning][yii\debug\Module::checkAccess] Access to debugger is denied due to IP address restriction. The requesting IP address is 84.232.137.18
2020-05-23 14:43:29 [84.232.137.18][8][-][info][application] $_GET = [
    'id' => '5'
]

$_POST = [
    'sportiv_id' => '6'
    'tipAntrenament_id' => '1'
    'grad_dificultate' => '3'
    'rating' => '2'
    'data_antrenament' => '12.02.2020 12:20:02'
]

$_FILES = []

$_COOKIE = [
    '_csrf' => 'f354b17b719a57336034383898482c362d82f1387731ddc72ff7595cfadfa95da:2:{i:0;s:5:\"_csrf\";i:1;s:32:\"e08vaVdk3HLaRbM3WgHkY_QHADMrDY4J\";}'
]

$_SERVER = [
    'PATH' => '/usr/local/bin:/bin:/usr/bin'
    'HTTP_ACCEPT' => '*/*'
    'HTTP_ACCEPT_ENCODING' => 'gzip, deflate, br'
    'HTTP_AUTHORIZATION' => '***'
    'HTTP_CONNECTION' => 'keep-alive'
    'CONTENT_TYPE' => 'application/x-www-form-urlencoded'
    'CONTENT_LENGTH' => '103'
    'HTTP_COOKIE' => '_csrf=f354b17b719a57336034383898482c362d82f1387731ddc72ff7595cfadfa95da%3A2%3A%7Bi%3A0%3Bs%3A5%3A%22_csrf%22%3Bi%3A1%3Bs%3A32%3A%22e08vaVdk3HLaRbM3WgHkY_QHADMrDY4J%22%3B%7D'
    'HTTP_HOST' => 'tenis.anunturicl.ro'
    'HTTP_USER_AGENT' => 'PostmanRuntime/7.24.1'
    'HTTP_CACHE_CONTROL' => 'no-cache'
    'HTTP_POSTMAN_TOKEN' => 'f24f7bf7-acda-4d45-909c-c7c4aaf534e4'
    'DOCUMENT_ROOT' => '/home/anunturi/tenis.anunturicl.ro'
    'REMOTE_ADDR' => '84.232.137.18'
    'REMOTE_PORT' => '63368'
    'SERVER_ADDR' => '128.140.228.218'
    'SERVER_NAME' => 'tenis.anunturicl.ro'
    'SERVER_ADMIN' => 'webmaster@tenis.anunturicl.ro'
    'SERVER_PORT' => '80'
    'REQUEST_SCHEME' => 'http'
    'REQUEST_URI' => '/api/web/v1/istoric-antrenament/5'
    'REDIRECT_URL' => '/api/web/v1/istoric-antrenament/5'
    'REDIRECT_STATUS' => '200'
    'SCRIPT_FILENAME' => '/home/anunturi/tenis.anunturicl.ro/api/web/index.php'
    'QUERY_STRING' => ''
    'SCRIPT_URI' => 'http://tenis.anunturicl.ro/api/web/v1/istoric-antrenament/5'
    'SCRIPT_URL' => '/api/web/v1/istoric-antrenament/5'
    'SCRIPT_NAME' => '/api/web/index.php'
    'SERVER_PROTOCOL' => 'HTTP/1.1'
    'SERVER_SOFTWARE' => 'LiteSpeed'
    'REQUEST_METHOD' => 'POST'
    'X-LSCACHE' => 'on'
    'PHP_SELF' => '/api/web/index.php'
    'REQUEST_TIME_FLOAT' => 1590245009.3926
    'REQUEST_TIME' => 1590245009
]
2020-05-23 14:55:07 [84.232.137.18][8][-][error][yii\base\UnknownMethodException] exception 'yii\base\UnknownMethodException' with message 'Calling unknown method: api\modules\v1\controllers\IstoricAntrenamentController::getRol()' in /home/anunturi/tenis.anunturicl.ro/vendor/yiisoft/yii2/base/Component.php:300
Stack trace:
#0 /home/anunturi/tenis.anunturicl.ro/api/modules/v1/controllers/IstoricAntrenamentController.php(40): yii\base\Component->__call('getRol', Array)
#1 /home/anunturi/tenis.anunturicl.ro/api/modules/v1/controllers/IstoricAntrenamentController.php(40): api\modules\v1\controllers\IstoricAntrenamentController->getRol()
#2 [internal function]: api\modules\v1\controllers\IstoricAntrenamentController->prepareDataProvider(Object(yii\rest\IndexAction), NULL)
#3 /home/anunturi/tenis.anunturicl.ro/vendor/yiisoft/yii2/rest/IndexAction.php(108): call_user_func(Array, Object(yii\rest\IndexAction), NULL)
#4 /home/anunturi/tenis.anunturicl.ro/vendor/yiisoft/yii2/rest/IndexAction.php(82): yii\rest\IndexAction->prepareDataProvider()
#5 [internal function]: yii\rest\IndexAction->run()
#6 /home/anunturi/tenis.anunturicl.ro/vendor/yiisoft/yii2/base/Action.php(94): call_user_func_array(Array, Array)
#7 /home/anunturi/tenis.anunturicl.ro/vendor/yiisoft/yii2/base/Controller.php(157): yii\base\Action->runWithParams(Array)
#8 /home/anunturi/tenis.anunturicl.ro/vendor/yiisoft/yii2/base/Module.php(528): yii\base\Controller->runAction('index', Array)
#9 /home/anunturi/tenis.anunturicl.ro/vendor/yiisoft/yii2/web/Application.php(103): yii\base\Module->runAction('v1/istoric-antr...', Array)
#10 /home/anunturi/tenis.anunturicl.ro/vendor/yiisoft/yii2/base/Application.php(386): yii\web\Application->handleRequest(Object(yii\web\Request))
#11 /home/anunturi/tenis.anunturicl.ro/api/web/index.php(22): yii\base\Application->run()
#12 {main}
2020-05-23 14:55:07 [84.232.137.18][8][-][warning][yii\debug\Module::checkAccess] Access to debugger is denied due to IP address restriction. The requesting IP address is 84.232.137.18
2020-05-23 14:55:07 [84.232.137.18][8][-][info][application] $_GET = []

$_POST = []

$_FILES = []

$_COOKIE = [
    '_csrf' => '8172fe174e46c262f5a5c64203fa3af9713048f1f80c73298e3df1d41f52dd88a:2:{i:0;s:5:\"_csrf\";i:1;s:32:\"YIBHcvDFdMJh5lUzFr7QxgicnRCSRJWt\";}'
]

$_SERVER = [
    'PATH' => '/usr/local/bin:/bin:/usr/bin'
    'HTTP_ACCEPT' => '*/*'
    'HTTP_ACCEPT_ENCODING' => 'gzip, deflate, br'
    'HTTP_AUTHORIZATION' => '***'
    'HTTP_CONNECTION' => 'keep-alive'
    'CONTENT_TYPE' => 'application/x-www-form-urlencoded'
    'HTTP_COOKIE' => '_csrf=8172fe174e46c262f5a5c64203fa3af9713048f1f80c73298e3df1d41f52dd88a%3A2%3A%7Bi%3A0%3Bs%3A5%3A%22_csrf%22%3Bi%3A1%3Bs%3A32%3A%22YIBHcvDFdMJh5lUzFr7QxgicnRCSRJWt%22%3B%7D'
    'HTTP_HOST' => 'tenis.anunturicl.ro'
    'HTTP_USER_AGENT' => 'PostmanRuntime/7.24.1'
    'HTTP_CACHE_CONTROL' => 'no-cache'
    'HTTP_POSTMAN_TOKEN' => '90802e00-708c-4a32-9046-892f8c6011cb'
    'DOCUMENT_ROOT' => '/home/anunturi/tenis.anunturicl.ro'
    'REMOTE_ADDR' => '84.232.137.18'
    'REMOTE_PORT' => '63487'
    'SERVER_ADDR' => '128.140.228.218'
    'SERVER_NAME' => 'tenis.anunturicl.ro'
    'SERVER_ADMIN' => 'webmaster@tenis.anunturicl.ro'
    'SERVER_PORT' => '80'
    'REQUEST_SCHEME' => 'http'
    'REQUEST_URI' => '/api/web/v1/istoric-antrenament'
    'REDIRECT_URL' => '/api/web/v1/istoric-antrenament'
    'REDIRECT_STATUS' => '200'
    'SCRIPT_FILENAME' => '/home/anunturi/tenis.anunturicl.ro/api/web/index.php'
    'QUERY_STRING' => ''
    'SCRIPT_URI' => 'http://tenis.anunturicl.ro/api/web/v1/istoric-antrenament'
    'SCRIPT_URL' => '/api/web/v1/istoric-antrenament'
    'SCRIPT_NAME' => '/api/web/index.php'
    'SERVER_PROTOCOL' => 'HTTP/1.1'
    'SERVER_SOFTWARE' => 'LiteSpeed'
    'REQUEST_METHOD' => 'GET'
    'X-LSCACHE' => 'on'
    'PHP_SELF' => '/api/web/index.php'
    'REQUEST_TIME_FLOAT' => 1590245707.2159
    'REQUEST_TIME' => 1590245707
]
2020-05-23 14:56:09 [84.232.137.18][8][-][warning][yii\debug\Module::checkAccess] Access to debugger is denied due to IP address restriction. The requesting IP address is 84.232.137.18
2020-05-23 14:56:09 [84.232.137.18][8][-][info][application] $_GET = []

$_POST = []

$_FILES = []

$_COOKIE = [
    '_csrf' => '0678c42cfc182be4292f3d1025783be88231cb5f57d26a244ffdecfe9ea97c91a:2:{i:0;s:5:\"_csrf\";i:1;s:32:\"uk1ksSeLYb-THA6-cTHCfDJuu3VHYQKY\";}'
]

$_SERVER = [
    'PATH' => '/usr/local/bin:/bin:/usr/bin'
    'HTTP_ACCEPT' => '*/*'
    'HTTP_ACCEPT_ENCODING' => 'gzip, deflate, br'
    'HTTP_AUTHORIZATION' => '***'
    'HTTP_CONNECTION' => 'keep-alive'
    'CONTENT_TYPE' => 'application/x-www-form-urlencoded'
    'HTTP_COOKIE' => '_csrf=0678c42cfc182be4292f3d1025783be88231cb5f57d26a244ffdecfe9ea97c91a%3A2%3A%7Bi%3A0%3Bs%3A5%3A%22_csrf%22%3Bi%3A1%3Bs%3A32%3A%22uk1ksSeLYb-THA6-cTHCfDJuu3VHYQKY%22%3B%7D'
    'HTTP_HOST' => 'tenis.anunturicl.ro'
    'HTTP_USER_AGENT' => 'PostmanRuntime/7.24.1'
    'HTTP_CACHE_CONTROL' => 'no-cache'
    'HTTP_POSTMAN_TOKEN' => '6a258d5b-40c6-4a61-baa4-6c1b859376cd'
    'DOCUMENT_ROOT' => '/home/anunturi/tenis.anunturicl.ro'
    'REMOTE_ADDR' => '84.232.137.18'
    'REMOTE_PORT' => '63500'
    'SERVER_ADDR' => '128.140.228.218'
    'SERVER_NAME' => 'tenis.anunturicl.ro'
    'SERVER_ADMIN' => 'webmaster@tenis.anunturicl.ro'
    'SERVER_PORT' => '80'
    'REQUEST_SCHEME' => 'http'
    'REQUEST_URI' => '/api/web/v1/istoric-antrenament'
    'REDIRECT_URL' => '/api/web/v1/istoric-antrenament'
    'REDIRECT_STATUS' => '200'
    'SCRIPT_FILENAME' => '/home/anunturi/tenis.anunturicl.ro/api/web/index.php'
    'QUERY_STRING' => ''
    'SCRIPT_URI' => 'http://tenis.anunturicl.ro/api/web/v1/istoric-antrenament'
    'SCRIPT_URL' => '/api/web/v1/istoric-antrenament'
    'SCRIPT_NAME' => '/api/web/index.php'
    'SERVER_PROTOCOL' => 'HTTP/1.1'
    'SERVER_SOFTWARE' => 'LiteSpeed'
    'REQUEST_METHOD' => 'GET'
    'X-LSCACHE' => 'on'
    'PHP_SELF' => '/api/web/index.php'
    'REQUEST_TIME_FLOAT' => 1590245769.4205
    'REQUEST_TIME' => 1590245769
]
2020-05-23 14:57:17 [84.232.137.18][25][-][error][yii\base\ErrorException:8] exception 'yii\base\ErrorException' with message 'Trying to get property of non-object' in /home/anunturi/tenis.anunturicl.ro/api/modules/v1/controllers/IstoricAntrenamentController.php:44
Stack trace:
#0 /home/anunturi/tenis.anunturicl.ro/api/modules/v1/controllers/IstoricAntrenamentController.php(44): yii\base\ErrorHandler->handleError(8, 'Trying to get p...', '/home/anunturi/...', 44, Array)
#1 [internal function]: api\modules\v1\controllers\IstoricAntrenamentController->prepareDataProvider(Object(yii\rest\IndexAction), NULL)
#2 /home/anunturi/tenis.anunturicl.ro/vendor/yiisoft/yii2/rest/IndexAction.php(108): call_user_func(Array, Object(yii\rest\IndexAction), NULL)
#3 /home/anunturi/tenis.anunturicl.ro/vendor/yiisoft/yii2/rest/IndexAction.php(82): yii\rest\IndexAction->prepareDataProvider()
#4 [internal function]: yii\rest\IndexAction->run()
#5 /home/anunturi/tenis.anunturicl.ro/vendor/yiisoft/yii2/base/Action.php(94): call_user_func_array(Array, Array)
#6 /home/anunturi/tenis.anunturicl.ro/vendor/yiisoft/yii2/base/Controller.php(157): yii\base\Action->runWithParams(Array)
#7 /home/anunturi/tenis.anunturicl.ro/vendor/yiisoft/yii2/base/Module.php(528): yii\base\Controller->runAction('index', Array)
#8 /home/anunturi/tenis.anunturicl.ro/vendor/yiisoft/yii2/web/Application.php(103): yii\base\Module->runAction('v1/istoric-antr...', Array)
#9 /home/anunturi/tenis.anunturicl.ro/vendor/yiisoft/yii2/base/Application.php(386): yii\web\Application->handleRequest(Object(yii\web\Request))
#10 /home/anunturi/tenis.anunturicl.ro/api/web/index.php(22): yii\base\Application->run()
#11 {main}
2020-05-23 14:57:17 [84.232.137.18][25][-][warning][yii\debug\Module::checkAccess] Access to debugger is denied due to IP address restriction. The requesting IP address is 84.232.137.18
2020-05-23 14:57:17 [84.232.137.18][25][-][info][application] $_GET = []

$_POST = []

$_FILES = []

$_COOKIE = [
    '_csrf' => 'c532f132ca27e8d2cff98c4be5c29a598d48f89ab90b1120f33d55582da21e68a:2:{i:0;s:5:\"_csrf\";i:1;s:32:\"vqogx7gSVlRsB30XRDcysnblbE2AKkSb\";}'
]

$_SERVER = [
    'PATH' => '/usr/local/bin:/bin:/usr/bin'
    'HTTP_ACCEPT' => '*/*'
    'HTTP_ACCEPT_ENCODING' => 'gzip, deflate, br'
    'HTTP_AUTHORIZATION' => '***'
    'HTTP_CONNECTION' => 'keep-alive'
    'CONTENT_TYPE' => 'application/x-www-form-urlencoded'
    'HTTP_COOKIE' => '_csrf=c532f132ca27e8d2cff98c4be5c29a598d48f89ab90b1120f33d55582da21e68a%3A2%3A%7Bi%3A0%3Bs%3A5%3A%22_csrf%22%3Bi%3A1%3Bs%3A32%3A%22vqogx7gSVlRsB30XRDcysnblbE2AKkSb%22%3B%7D'
    'HTTP_HOST' => 'tenis.anunturicl.ro'
    'HTTP_USER_AGENT' => 'PostmanRuntime/7.24.1'
    'HTTP_CACHE_CONTROL' => 'no-cache'
    'HTTP_POSTMAN_TOKEN' => '70f28dd3-4554-4d9e-bf36-62a7bb8ca9f0'
    'DOCUMENT_ROOT' => '/home/anunturi/tenis.anunturicl.ro'
    'REMOTE_ADDR' => '84.232.137.18'
    'REMOTE_PORT' => '63514'
    'SERVER_ADDR' => '128.140.228.218'
    'SERVER_NAME' => 'tenis.anunturicl.ro'
    'SERVER_ADMIN' => 'webmaster@tenis.anunturicl.ro'
    'SERVER_PORT' => '80'
    'REQUEST_SCHEME' => 'http'
    'REQUEST_URI' => '/api/web/v1/istoric-antrenament'
    'REDIRECT_URL' => '/api/web/v1/istoric-antrenament'
    'REDIRECT_STATUS' => '200'
    'SCRIPT_FILENAME' => '/home/anunturi/tenis.anunturicl.ro/api/web/index.php'
    'QUERY_STRING' => ''
    'SCRIPT_URI' => 'http://tenis.anunturicl.ro/api/web/v1/istoric-antrenament'
    'SCRIPT_URL' => '/api/web/v1/istoric-antrenament'
    'SCRIPT_NAME' => '/api/web/index.php'
    'SERVER_PROTOCOL' => 'HTTP/1.1'
    'SERVER_SOFTWARE' => 'LiteSpeed'
    'REQUEST_METHOD' => 'GET'
    'X-LSCACHE' => 'on'
    'PHP_SELF' => '/api/web/index.php'
    'REQUEST_TIME_FLOAT' => 1590245837.1748
    'REQUEST_TIME' => 1590245837
]
2020-05-23 14:58:16 [84.232.137.18][36][-][warning][yii\debug\Module::checkAccess] Access to debugger is denied due to IP address restriction. The requesting IP address is 84.232.137.18
2020-05-23 14:58:16 [84.232.137.18][36][-][info][application] $_GET = []

$_POST = []

$_FILES = []

$_COOKIE = [
    '_csrf' => '2667f246dddcb94495b1f1499a05a56cf9cd400ee70c87dcb289740e529bc876a:2:{i:0;s:5:\"_csrf\";i:1;s:32:\"w-CWulCdr3wna9o5KQiXdtFvHVBQLI0Z\";}'
]

$_SERVER = [
    'PATH' => '/usr/local/bin:/bin:/usr/bin'
    'HTTP_ACCEPT' => '*/*'
    'HTTP_ACCEPT_ENCODING' => 'gzip, deflate, br'
    'HTTP_AUTHORIZATION' => '***'
    'HTTP_CONNECTION' => 'keep-alive'
    'CONTENT_TYPE' => 'application/x-www-form-urlencoded'
    'HTTP_COOKIE' => '_csrf=2667f246dddcb94495b1f1499a05a56cf9cd400ee70c87dcb289740e529bc876a%3A2%3A%7Bi%3A0%3Bs%3A5%3A%22_csrf%22%3Bi%3A1%3Bs%3A32%3A%22w-CWulCdr3wna9o5KQiXdtFvHVBQLI0Z%22%3B%7D'
    'HTTP_HOST' => 'tenis.anunturicl.ro'
    'HTTP_USER_AGENT' => 'PostmanRuntime/7.24.1'
    'HTTP_CACHE_CONTROL' => 'no-cache'
    'HTTP_POSTMAN_TOKEN' => '3a1932b8-3d02-4ae8-9176-2a2ed51c44c4'
    'DOCUMENT_ROOT' => '/home/anunturi/tenis.anunturicl.ro'
    'REMOTE_ADDR' => '84.232.137.18'
    'REMOTE_PORT' => '63518'
    'SERVER_ADDR' => '128.140.228.218'
    'SERVER_NAME' => 'tenis.anunturicl.ro'
    'SERVER_ADMIN' => 'webmaster@tenis.anunturicl.ro'
    'SERVER_PORT' => '80'
    'REQUEST_SCHEME' => 'http'
    'REQUEST_URI' => '/api/web/v1/istoric-antrenament'
    'REDIRECT_URL' => '/api/web/v1/istoric-antrenament'
    'REDIRECT_STATUS' => '200'
    'SCRIPT_FILENAME' => '/home/anunturi/tenis.anunturicl.ro/api/web/index.php'
    'QUERY_STRING' => ''
    'SCRIPT_URI' => 'http://tenis.anunturicl.ro/api/web/v1/istoric-antrenament'
    'SCRIPT_URL' => '/api/web/v1/istoric-antrenament'
    'SCRIPT_NAME' => '/api/web/index.php'
    'SERVER_PROTOCOL' => 'HTTP/1.1'
    'SERVER_SOFTWARE' => 'LiteSpeed'
    'REQUEST_METHOD' => 'GET'
    'X-LSCACHE' => 'on'
    'PHP_SELF' => '/api/web/index.php'
    'REQUEST_TIME_FLOAT' => 1590245896.594
    'REQUEST_TIME' => 1590245896
]
2020-05-23 14:58:52 [84.232.137.18][23][-][warning][yii\debug\Module::checkAccess] Access to debugger is denied due to IP address restriction. The requesting IP address is 84.232.137.18
2020-05-23 14:58:51 [84.232.137.18][23][-][info][application] $_GET = []

$_POST = []

$_FILES = []

$_COOKIE = [
    '_csrf' => 'b6209c2c15efe1f76a62a679543a7742030e2a6726f91731f21913249d8d6ee0a:2:{i:0;s:5:\"_csrf\";i:1;s:32:\"FAkVMrH_qSBz8fhOJ4oMIT47b3PEWpXP\";}'
]

$_SERVER = [
    'PATH' => '/usr/local/bin:/bin:/usr/bin'
    'HTTP_ACCEPT' => '*/*'
    'HTTP_ACCEPT_ENCODING' => 'gzip, deflate, br'
    'HTTP_AUTHORIZATION' => '***'
    'HTTP_CONNECTION' => 'keep-alive'
    'CONTENT_TYPE' => 'application/x-www-form-urlencoded'
    'HTTP_COOKIE' => '_csrf=b6209c2c15efe1f76a62a679543a7742030e2a6726f91731f21913249d8d6ee0a%3A2%3A%7Bi%3A0%3Bs%3A5%3A%22_csrf%22%3Bi%3A1%3Bs%3A32%3A%22FAkVMrH_qSBz8fhOJ4oMIT47b3PEWpXP%22%3B%7D'
    'HTTP_HOST' => 'tenis.anunturicl.ro'
    'HTTP_USER_AGENT' => 'PostmanRuntime/7.24.1'
    'HTTP_CACHE_CONTROL' => 'no-cache'
    'HTTP_POSTMAN_TOKEN' => '64d8fbb7-3d27-4a49-a134-229dff224e17'
    'DOCUMENT_ROOT' => '/home/anunturi/tenis.anunturicl.ro'
    'REMOTE_ADDR' => '84.232.137.18'
    'REMOTE_PORT' => '63536'
    'SERVER_ADDR' => '128.140.228.218'
    'SERVER_NAME' => 'tenis.anunturicl.ro'
    'SERVER_ADMIN' => 'webmaster@tenis.anunturicl.ro'
    'SERVER_PORT' => '80'
    'REQUEST_SCHEME' => 'http'
    'REQUEST_URI' => '/api/web/v1/istoric-antrenament'
    'REDIRECT_URL' => '/api/web/v1/istoric-antrenament'
    'REDIRECT_STATUS' => '200'
    'SCRIPT_FILENAME' => '/home/anunturi/tenis.anunturicl.ro/api/web/index.php'
    'QUERY_STRING' => ''
    'SCRIPT_URI' => 'http://tenis.anunturicl.ro/api/web/v1/istoric-antrenament'
    'SCRIPT_URL' => '/api/web/v1/istoric-antrenament'
    'SCRIPT_NAME' => '/api/web/index.php'
    'SERVER_PROTOCOL' => 'HTTP/1.1'
    'SERVER_SOFTWARE' => 'LiteSpeed'
    'REQUEST_METHOD' => 'GET'
    'X-LSCACHE' => 'on'
    'PHP_SELF' => '/api/web/index.php'
    'REQUEST_TIME_FLOAT' => 1590245931.7887
    'REQUEST_TIME' => 1590245931
]
2020-05-23 14:59:18 [84.232.137.18][23][-][error][yii\web\HttpException:403] exception 'yii\web\ForbiddenHttpException' with message 'We record all hacking attempts' in /home/anunturi/tenis.anunturicl.ro/api/modules/v1/controllers/IstoricAntrenamentController.php:27
Stack trace:
#0 [internal function]: api\modules\v1\controllers\IstoricAntrenamentController->checkAccess('view', Object(api\modules\v1\models\IstoricAntrenament))
#1 /home/anunturi/tenis.anunturicl.ro/vendor/yiisoft/yii2/rest/ViewAction.php(31): call_user_func(Array, 'view', Object(api\modules\v1\models\IstoricAntrenament))
#2 [internal function]: yii\rest\ViewAction->run('5')
#3 /home/anunturi/tenis.anunturicl.ro/vendor/yiisoft/yii2/base/Action.php(94): call_user_func_array(Array, Array)
#4 /home/anunturi/tenis.anunturicl.ro/vendor/yiisoft/yii2/base/Controller.php(157): yii\base\Action->runWithParams(Array)
#5 /home/anunturi/tenis.anunturicl.ro/vendor/yiisoft/yii2/base/Module.php(528): yii\base\Controller->runAction('view', Array)
#6 /home/anunturi/tenis.anunturicl.ro/vendor/yiisoft/yii2/web/Application.php(103): yii\base\Module->runAction('v1/istoric-antr...', Array)
#7 /home/anunturi/tenis.anunturicl.ro/vendor/yiisoft/yii2/base/Application.php(386): yii\web\Application->handleRequest(Object(yii\web\Request))
#8 /home/anunturi/tenis.anunturicl.ro/api/web/index.php(22): yii\base\Application->run()
#9 {main}
2020-05-23 14:59:18 [84.232.137.18][23][-][warning][yii\debug\Module::checkAccess] Access to debugger is denied due to IP address restriction. The requesting IP address is 84.232.137.18
2020-05-23 14:59:17 [84.232.137.18][23][-][info][application] $_GET = [
    'id' => '5'
]

$_POST = []

$_FILES = []

$_COOKIE = [
    '_csrf' => '8d87594f925da5c3f076ad52d664c44f65fdcef3219deca4af8335383d394589a:2:{i:0;s:5:\"_csrf\";i:1;s:32:\"Do5swxjLBcGx2QdR3AZB4GhsX11wUv1P\";}'
]

$_SERVER = [
    'PATH' => '/usr/local/bin:/bin:/usr/bin'
    'HTTP_ACCEPT' => '*/*'
    'HTTP_ACCEPT_ENCODING' => 'gzip, deflate, br'
    'HTTP_AUTHORIZATION' => '***'
    'HTTP_CONNECTION' => 'keep-alive'
    'CONTENT_TYPE' => 'application/x-www-form-urlencoded'
    'HTTP_COOKIE' => '_csrf=8d87594f925da5c3f076ad52d664c44f65fdcef3219deca4af8335383d394589a%3A2%3A%7Bi%3A0%3Bs%3A5%3A%22_csrf%22%3Bi%3A1%3Bs%3A32%3A%22Do5swxjLBcGx2QdR3AZB4GhsX11wUv1P%22%3B%7D'
    'HTTP_HOST' => 'tenis.anunturicl.ro'
    'HTTP_USER_AGENT' => 'PostmanRuntime/7.24.1'
    'HTTP_CACHE_CONTROL' => 'no-cache'
    'HTTP_POSTMAN_TOKEN' => 'a61565cf-48a2-4123-8489-98c0c7c7de05'
    'DOCUMENT_ROOT' => '/home/anunturi/tenis.anunturicl.ro'
    'REMOTE_ADDR' => '84.232.137.18'
    'REMOTE_PORT' => '63537'
    'SERVER_ADDR' => '128.140.228.218'
    'SERVER_NAME' => 'tenis.anunturicl.ro'
    'SERVER_ADMIN' => 'webmaster@tenis.anunturicl.ro'
    'SERVER_PORT' => '80'
    'REQUEST_SCHEME' => 'http'
    'REQUEST_URI' => '/api/web/v1/istoric-antrenament/5'
    'REDIRECT_URL' => '/api/web/v1/istoric-antrenament/5'
    'REDIRECT_STATUS' => '200'
    'SCRIPT_FILENAME' => '/home/anunturi/tenis.anunturicl.ro/api/web/index.php'
    'QUERY_STRING' => ''
    'SCRIPT_URI' => 'http://tenis.anunturicl.ro/api/web/v1/istoric-antrenament/5'
    'SCRIPT_URL' => '/api/web/v1/istoric-antrenament/5'
    'SCRIPT_NAME' => '/api/web/index.php'
    'SERVER_PROTOCOL' => 'HTTP/1.1'
    'SERVER_SOFTWARE' => 'LiteSpeed'
    'REQUEST_METHOD' => 'GET'
    'X-LSCACHE' => 'on'
    'PHP_SELF' => '/api/web/index.php'
    'REQUEST_TIME_FLOAT' => 1590245957.9936
    'REQUEST_TIME' => 1590245957
]
2020-05-23 15:01:29 [84.232.137.18][8][-][warning][yii\debug\Module::checkAccess] Access to debugger is denied due to IP address restriction. The requesting IP address is 84.232.137.18
2020-05-23 15:01:29 [84.232.137.18][8][-][info][application] $_GET = [
    'id' => '5'
]

$_POST = []

$_FILES = []

$_COOKIE = [
    '_csrf' => '20506d0469063b9d58460168fef190551ae64908fb88ad8d0a92e856c90eb3cba:2:{i:0;s:5:\"_csrf\";i:1;s:32:\"beJG0ugs-OLyDpbxOTBENunopEnMD00I\";}'
]

$_SERVER = [
    'PATH' => '/usr/local/bin:/bin:/usr/bin'
    'HTTP_ACCEPT' => '*/*'
    'HTTP_ACCEPT_ENCODING' => 'gzip, deflate, br'
    'HTTP_AUTHORIZATION' => '***'
    'HTTP_CONNECTION' => 'keep-alive'
    'CONTENT_TYPE' => 'application/x-www-form-urlencoded'
    'HTTP_COOKIE' => '_csrf=20506d0469063b9d58460168fef190551ae64908fb88ad8d0a92e856c90eb3cba%3A2%3A%7Bi%3A0%3Bs%3A5%3A%22_csrf%22%3Bi%3A1%3Bs%3A32%3A%22beJG0ugs-OLyDpbxOTBENunopEnMD00I%22%3B%7D'
    'HTTP_HOST' => 'tenis.anunturicl.ro'
    'HTTP_USER_AGENT' => 'PostmanRuntime/7.24.1'
    'HTTP_CACHE_CONTROL' => 'no-cache'
    'HTTP_POSTMAN_TOKEN' => '7c78cd8a-17d2-4926-ad1e-593b19b5017d'
    'DOCUMENT_ROOT' => '/home/anunturi/tenis.anunturicl.ro'
    'REMOTE_ADDR' => '84.232.137.18'
    'REMOTE_PORT' => '63547'
    'SERVER_ADDR' => '128.140.228.218'
    'SERVER_NAME' => 'tenis.anunturicl.ro'
    'SERVER_ADMIN' => 'webmaster@tenis.anunturicl.ro'
    'SERVER_PORT' => '80'
    'REQUEST_SCHEME' => 'http'
    'REQUEST_URI' => '/api/web/v1/istoric-antrenament/5'
    'REDIRECT_URL' => '/api/web/v1/istoric-antrenament/5'
    'REDIRECT_STATUS' => '200'
    'SCRIPT_FILENAME' => '/home/anunturi/tenis.anunturicl.ro/api/web/index.php'
    'QUERY_STRING' => ''
    'SCRIPT_URI' => 'http://tenis.anunturicl.ro/api/web/v1/istoric-antrenament/5'
    'SCRIPT_URL' => '/api/web/v1/istoric-antrenament/5'
    'SCRIPT_NAME' => '/api/web/index.php'
    'SERVER_PROTOCOL' => 'HTTP/1.1'
    'SERVER_SOFTWARE' => 'LiteSpeed'
    'REQUEST_METHOD' => 'GET'
    'X-LSCACHE' => 'on'
    'PHP_SELF' => '/api/web/index.php'
    'REQUEST_TIME_FLOAT' => 1590246089.203
    'REQUEST_TIME' => 1590246089
]
2020-05-23 15:08:38 [84.232.137.18][8][-][warning][yii\debug\Module::checkAccess] Access to debugger is denied due to IP address restriction. The requesting IP address is 84.232.137.18
2020-05-23 15:08:38 [84.232.137.18][8][-][info][application] $_GET = [
    'id' => '5'
]

$_POST = []

$_FILES = []

$_COOKIE = [
    '_csrf' => 'b5b22e25ca48824114da4b39c0e934b686e6d715c3fefee0fb839f5bedfd19c0a:2:{i:0;s:5:\"_csrf\";i:1;s:32:\"QSovi8fKZFo_hp2BGDqDSMlAvYmbQSXz\";}'
]

$_SERVER = [
    'PATH' => '/usr/local/bin:/bin:/usr/bin'
    'HTTP_ACCEPT' => '*/*'
    'HTTP_ACCEPT_ENCODING' => 'gzip, deflate, br'
    'HTTP_AUTHORIZATION' => '***'
    'HTTP_CONNECTION' => 'keep-alive'
    'CONTENT_TYPE' => 'application/x-www-form-urlencoded'
    'HTTP_COOKIE' => '_csrf=b5b22e25ca48824114da4b39c0e934b686e6d715c3fefee0fb839f5bedfd19c0a%3A2%3A%7Bi%3A0%3Bs%3A5%3A%22_csrf%22%3Bi%3A1%3Bs%3A32%3A%22QSovi8fKZFo_hp2BGDqDSMlAvYmbQSXz%22%3B%7D'
    'HTTP_HOST' => 'tenis.anunturicl.ro'
    'HTTP_USER_AGENT' => 'PostmanRuntime/7.24.1'
    'HTTP_CACHE_CONTROL' => 'no-cache'
    'HTTP_POSTMAN_TOKEN' => '7512605f-35d3-46b1-b2c0-2de4d2cb73b4'
    'DOCUMENT_ROOT' => '/home/anunturi/tenis.anunturicl.ro'
    'REMOTE_ADDR' => '84.232.137.18'
    'REMOTE_PORT' => '63581'
    'SERVER_ADDR' => '128.140.228.218'
    'SERVER_NAME' => 'tenis.anunturicl.ro'
    'SERVER_ADMIN' => 'webmaster@tenis.anunturicl.ro'
    'SERVER_PORT' => '80'
    'REQUEST_SCHEME' => 'http'
    'REQUEST_URI' => '/api/web/v1/istoric-antrenament/5'
    'REDIRECT_URL' => '/api/web/v1/istoric-antrenament/5'
    'REDIRECT_STATUS' => '200'
    'SCRIPT_FILENAME' => '/home/anunturi/tenis.anunturicl.ro/api/web/index.php'
    'QUERY_STRING' => ''
    'SCRIPT_URI' => 'http://tenis.anunturicl.ro/api/web/v1/istoric-antrenament/5'
    'SCRIPT_URL' => '/api/web/v1/istoric-antrenament/5'
    'SCRIPT_NAME' => '/api/web/index.php'
    'SERVER_PROTOCOL' => 'HTTP/1.1'
    'SERVER_SOFTWARE' => 'LiteSpeed'
    'REQUEST_METHOD' => 'GET'
    'X-LSCACHE' => 'on'
    'PHP_SELF' => '/api/web/index.php'
    'REQUEST_TIME_FLOAT' => 1590246518.6816
    'REQUEST_TIME' => 1590246518
]
2020-05-23 15:09:07 [84.232.137.18][46][-][error][yii\web\HttpException:403] exception 'yii\web\ForbiddenHttpException' with message 'We record all hacking attempts' in /home/anunturi/tenis.anunturicl.ro/api/modules/v1/controllers/IstoricAntrenamentController.php:32
Stack trace:
#0 [internal function]: api\modules\v1\controllers\IstoricAntrenamentController->checkAccess('view', Object(api\modules\v1\models\IstoricAntrenament))
#1 /home/anunturi/tenis.anunturicl.ro/vendor/yiisoft/yii2/rest/ViewAction.php(31): call_user_func(Array, 'view', Object(api\modules\v1\models\IstoricAntrenament))
#2 [internal function]: yii\rest\ViewAction->run('5')
#3 /home/anunturi/tenis.anunturicl.ro/vendor/yiisoft/yii2/base/Action.php(94): call_user_func_array(Array, Array)
#4 /home/anunturi/tenis.anunturicl.ro/vendor/yiisoft/yii2/base/Controller.php(157): yii\base\Action->runWithParams(Array)
#5 /home/anunturi/tenis.anunturicl.ro/vendor/yiisoft/yii2/base/Module.php(528): yii\base\Controller->runAction('view', Array)
#6 /home/anunturi/tenis.anunturicl.ro/vendor/yiisoft/yii2/web/Application.php(103): yii\base\Module->runAction('v1/istoric-antr...', Array)
#7 /home/anunturi/tenis.anunturicl.ro/vendor/yiisoft/yii2/base/Application.php(386): yii\web\Application->handleRequest(Object(yii\web\Request))
#8 /home/anunturi/tenis.anunturicl.ro/api/web/index.php(22): yii\base\Application->run()
#9 {main}
2020-05-23 15:09:07 [84.232.137.18][46][-][warning][yii\debug\Module::checkAccess] Access to debugger is denied due to IP address restriction. The requesting IP address is 84.232.137.18
2020-05-23 15:09:07 [84.232.137.18][46][-][info][application] $_GET = [
    'id' => '5'
]

$_POST = []

$_FILES = []

$_COOKIE = [
    '_csrf' => '3f547c56f01157de58011a06eee3bd9f8994a8f28b4880b0f46fd0103397958ea:2:{i:0;s:5:\"_csrf\";i:1;s:32:\"EFJ4-919jZe5PURcgkGYPIpL8Evn2Jjy\";}'
]

$_SERVER = [
    'PATH' => '/usr/local/bin:/bin:/usr/bin'
    'HTTP_ACCEPT' => '*/*'
    'HTTP_ACCEPT_ENCODING' => 'gzip, deflate, br'
    'HTTP_AUTHORIZATION' => '***'
    'HTTP_CONNECTION' => 'keep-alive'
    'CONTENT_TYPE' => 'application/x-www-form-urlencoded'
    'HTTP_COOKIE' => '_csrf=3f547c56f01157de58011a06eee3bd9f8994a8f28b4880b0f46fd0103397958ea%3A2%3A%7Bi%3A0%3Bs%3A5%3A%22_csrf%22%3Bi%3A1%3Bs%3A32%3A%22EFJ4-919jZe5PURcgkGYPIpL8Evn2Jjy%22%3B%7D'
    'HTTP_HOST' => 'tenis.anunturicl.ro'
    'HTTP_USER_AGENT' => 'PostmanRuntime/7.24.1'
    'HTTP_CACHE_CONTROL' => 'no-cache'
    'HTTP_POSTMAN_TOKEN' => 'b2a5af8e-961e-4840-b33b-d33b5a764218'
    'DOCUMENT_ROOT' => '/home/anunturi/tenis.anunturicl.ro'
    'REMOTE_ADDR' => '84.232.137.18'
    'REMOTE_PORT' => '63583'
    'SERVER_ADDR' => '128.140.228.218'
    'SERVER_NAME' => 'tenis.anunturicl.ro'
    'SERVER_ADMIN' => 'webmaster@tenis.anunturicl.ro'
    'SERVER_PORT' => '80'
    'REQUEST_SCHEME' => 'http'
    'REQUEST_URI' => '/api/web/v1/istoric-antrenament/5'
    'REDIRECT_URL' => '/api/web/v1/istoric-antrenament/5'
    'REDIRECT_STATUS' => '200'
    'SCRIPT_FILENAME' => '/home/anunturi/tenis.anunturicl.ro/api/web/index.php'
    'QUERY_STRING' => ''
    'SCRIPT_URI' => 'http://tenis.anunturicl.ro/api/web/v1/istoric-antrenament/5'
    'SCRIPT_URL' => '/api/web/v1/istoric-antrenament/5'
    'SCRIPT_NAME' => '/api/web/index.php'
    'SERVER_PROTOCOL' => 'HTTP/1.1'
    'SERVER_SOFTWARE' => 'LiteSpeed'
    'REQUEST_METHOD' => 'GET'
    'X-LSCACHE' => 'on'
    'PHP_SELF' => '/api/web/index.php'
    'REQUEST_TIME_FLOAT' => 1590246547.3842
    'REQUEST_TIME' => 1590246547
]
2020-05-23 15:09:33 [84.232.137.18][23][-][warning][yii\debug\Module::checkAccess] Access to debugger is denied due to IP address restriction. The requesting IP address is 84.232.137.18
2020-05-23 15:09:33 [84.232.137.18][23][-][info][application] $_GET = [
    'id' => '5'
]

$_POST = []

$_FILES = []

$_COOKIE = [
    '_csrf' => 'e4cd812ca58f26959240e5e8c2a38fd1b1bbdd453387959754041feccacd6683a:2:{i:0;s:5:\"_csrf\";i:1;s:32:\"ZggGvLM4t4Dmfx_-yI4vRk8wKowwu-Hu\";}'
]

$_SERVER = [
    'PATH' => '/usr/local/bin:/bin:/usr/bin'
    'HTTP_ACCEPT' => '*/*'
    'HTTP_ACCEPT_ENCODING' => 'gzip, deflate, br'
    'HTTP_AUTHORIZATION' => '***'
    'HTTP_CONNECTION' => 'keep-alive'
    'CONTENT_TYPE' => 'application/x-www-form-urlencoded'
    'HTTP_COOKIE' => '_csrf=e4cd812ca58f26959240e5e8c2a38fd1b1bbdd453387959754041feccacd6683a%3A2%3A%7Bi%3A0%3Bs%3A5%3A%22_csrf%22%3Bi%3A1%3Bs%3A32%3A%22ZggGvLM4t4Dmfx_-yI4vRk8wKowwu-Hu%22%3B%7D'
    'HTTP_HOST' => 'tenis.anunturicl.ro'
    'HTTP_USER_AGENT' => 'PostmanRuntime/7.24.1'
    'HTTP_CACHE_CONTROL' => 'no-cache'
    'HTTP_POSTMAN_TOKEN' => 'bae8fe81-975e-4f18-9a8b-542ac5311d3f'
    'DOCUMENT_ROOT' => '/home/anunturi/tenis.anunturicl.ro'
    'REMOTE_ADDR' => '84.232.137.18'
    'REMOTE_PORT' => '63585'
    'SERVER_ADDR' => '128.140.228.218'
    'SERVER_NAME' => 'tenis.anunturicl.ro'
    'SERVER_ADMIN' => 'webmaster@tenis.anunturicl.ro'
    'SERVER_PORT' => '80'
    'REQUEST_SCHEME' => 'http'
    'REQUEST_URI' => '/api/web/v1/istoric-antrenament/5'
    'REDIRECT_URL' => '/api/web/v1/istoric-antrenament/5'
    'REDIRECT_STATUS' => '200'
    'SCRIPT_FILENAME' => '/home/anunturi/tenis.anunturicl.ro/api/web/index.php'
    'QUERY_STRING' => ''
    'SCRIPT_URI' => 'http://tenis.anunturicl.ro/api/web/v1/istoric-antrenament/5'
    'SCRIPT_URL' => '/api/web/v1/istoric-antrenament/5'
    'SCRIPT_NAME' => '/api/web/index.php'
    'SERVER_PROTOCOL' => 'HTTP/1.1'
    'SERVER_SOFTWARE' => 'LiteSpeed'
    'REQUEST_METHOD' => 'GET'
    'X-LSCACHE' => 'on'
    'PHP_SELF' => '/api/web/index.php'
    'REQUEST_TIME_FLOAT' => 1590246573.0835
    'REQUEST_TIME' => 1590246573
]
2020-05-23 15:09:58 [84.232.137.18][39][-][error][yii\base\ErrorException:8] exception 'yii\base\ErrorException' with message 'Trying to get property of non-object' in /home/anunturi/tenis.anunturicl.ro/api/modules/v1/controllers/IstoricAntrenamentController.php:33
Stack trace:
#0 /home/anunturi/tenis.anunturicl.ro/api/modules/v1/controllers/IstoricAntrenamentController.php(33): yii\base\ErrorHandler->handleError(8, 'Trying to get p...', '/home/anunturi/...', 33, Array)
#1 [internal function]: api\modules\v1\controllers\IstoricAntrenamentController->checkAccess('view', Object(api\modules\v1\models\IstoricAntrenament))
#2 /home/anunturi/tenis.anunturicl.ro/vendor/yiisoft/yii2/rest/ViewAction.php(31): call_user_func(Array, 'view', Object(api\modules\v1\models\IstoricAntrenament))
#3 [internal function]: yii\rest\ViewAction->run('5')
#4 /home/anunturi/tenis.anunturicl.ro/vendor/yiisoft/yii2/base/Action.php(94): call_user_func_array(Array, Array)
#5 /home/anunturi/tenis.anunturicl.ro/vendor/yiisoft/yii2/base/Controller.php(157): yii\base\Action->runWithParams(Array)
#6 /home/anunturi/tenis.anunturicl.ro/vendor/yiisoft/yii2/base/Module.php(528): yii\base\Controller->runAction('view', Array)
#7 /home/anunturi/tenis.anunturicl.ro/vendor/yiisoft/yii2/web/Application.php(103): yii\base\Module->runAction('v1/istoric-antr...', Array)
#8 /home/anunturi/tenis.anunturicl.ro/vendor/yiisoft/yii2/base/Application.php(386): yii\web\Application->handleRequest(Object(yii\web\Request))
#9 /home/anunturi/tenis.anunturicl.ro/api/web/index.php(22): yii\base\Application->run()
#10 {main}
2020-05-23 15:09:58 [84.232.137.18][39][-][warning][yii\debug\Module::checkAccess] Access to debugger is denied due to IP address restriction. The requesting IP address is 84.232.137.18
2020-05-23 15:09:58 [84.232.137.18][39][-][info][application] $_GET = [
    'id' => '5'
]

$_POST = []

$_FILES = []

$_COOKIE = [
    '_csrf' => '0f815457d9e5c07a74d7d064393332f5b9f7a51f07db9ae6dd5fb0b0e57f8406a:2:{i:0;s:5:\"_csrf\";i:1;s:32:\"ie-Y6VVEqOwEQgDPHAZVyngoefIApQWS\";}'
]

$_SERVER = [
    'PATH' => '/usr/local/bin:/bin:/usr/bin'
    'HTTP_ACCEPT' => '*/*'
    'HTTP_ACCEPT_ENCODING' => 'gzip, deflate, br'
    'HTTP_AUTHORIZATION' => '***'
    'HTTP_CONNECTION' => 'keep-alive'
    'CONTENT_TYPE' => 'application/x-www-form-urlencoded'
    'HTTP_COOKIE' => '_csrf=0f815457d9e5c07a74d7d064393332f5b9f7a51f07db9ae6dd5fb0b0e57f8406a%3A2%3A%7Bi%3A0%3Bs%3A5%3A%22_csrf%22%3Bi%3A1%3Bs%3A32%3A%22ie-Y6VVEqOwEQgDPHAZVyngoefIApQWS%22%3B%7D'
    'HTTP_HOST' => 'tenis.anunturicl.ro'
    'HTTP_USER_AGENT' => 'PostmanRuntime/7.24.1'
    'HTTP_CACHE_CONTROL' => 'no-cache'
    'HTTP_POSTMAN_TOKEN' => '98473c0b-39d0-4048-b28f-513b0e321e7f'
    'DOCUMENT_ROOT' => '/home/anunturi/tenis.anunturicl.ro'
    'REMOTE_ADDR' => '84.232.137.18'
    'REMOTE_PORT' => '63586'
    'SERVER_ADDR' => '128.140.228.218'
    'SERVER_NAME' => 'tenis.anunturicl.ro'
    'SERVER_ADMIN' => 'webmaster@tenis.anunturicl.ro'
    'SERVER_PORT' => '80'
    'REQUEST_SCHEME' => 'http'
    'REQUEST_URI' => '/api/web/v1/istoric-antrenament/5'
    'REDIRECT_URL' => '/api/web/v1/istoric-antrenament/5'
    'REDIRECT_STATUS' => '200'
    'SCRIPT_FILENAME' => '/home/anunturi/tenis.anunturicl.ro/api/web/index.php'
    'QUERY_STRING' => ''
    'SCRIPT_URI' => 'http://tenis.anunturicl.ro/api/web/v1/istoric-antrenament/5'
    'SCRIPT_URL' => '/api/web/v1/istoric-antrenament/5'
    'SCRIPT_NAME' => '/api/web/index.php'
    'SERVER_PROTOCOL' => 'HTTP/1.1'
    'SERVER_SOFTWARE' => 'LiteSpeed'
    'REQUEST_METHOD' => 'GET'
    'X-LSCACHE' => 'on'
    'PHP_SELF' => '/api/web/index.php'
    'REQUEST_TIME_FLOAT' => 1590246598.092
    'REQUEST_TIME' => 1590246598
]
